mvn : WARNING: A terminally deprecated method in sun.misc.Unsafe has been 
called
In Zeile:1 Zeichen:1
+ mvn spring-boot:run > boot-error.log 2>&1
+ ~~~~~~~~~~~~~~~~~~~~~~~~~~~~~~~~~~~~~~~~~
    + CategoryInfo          : NotSpecified: (WARNING: A term...    has 
been called:String) [], RemoteException
    + FullyQualifiedErrorId : NativeCommandError
 
WARNING: sun.misc.Unsafe::staticFieldBase has been called by 
com.google.inject.internal.aop.HiddenClassDefiner 
(file:/C:/Program%20Files/apache-maven-3.9.11/lib/guice-5.1.0-classes.jar)
WARNING: Please consider reporting this to the maintainers of class 
com.google.inject.internal.aop.HiddenClassDefiner
WARNING: sun.misc.Unsafe::staticFieldBase will be removed in a future 
release
[INFO] Scanning for projects...
[INFO] 
[INFO] ------------------------< com.yildiz:teamsync >-------------------------
[INFO] Building teamsync 0.0.1-SNAPSHOT
[INFO]   from pom.xml
[INFO] --------------------------------[ jar ]---------------------------------
[INFO] 
[INFO] >>> spring-boot:4.0.2:run (default-cli) > test-compile @ teamsync >>>
[INFO] 
[INFO] --- resources:3.3.1:resources (default-resources) @ teamsync ---
[INFO] Copying 1 resource from src\main\resources to target\classes
[INFO] Copying 0 resource from src\main\resources to target\classes
[INFO] 
[INFO] --- compiler:3.14.1:compile (default-compile) @ teamsync ---
[INFO] Recompiling the module because of changed source code.
[INFO] Compiling 77 source files with javac [forked debug parameters release 21] to target\classes
[INFO] 
[INFO] --- resources:3.3.1:testResources (default-testResources) @ teamsync ---
[INFO] skip non existing resourceDirectory C:\Users\Student\Desktop\KanKan_Anti\src\test\resources
[INFO] 
[INFO] --- compiler:3.14.1:testCompile (default-testCompile) @ teamsync ---
[INFO] Recompiling the module because of changed dependency.
[INFO] Compiling 3 source files with javac [forked debug parameters release 21] to target\test-classes
[INFO] 
[INFO] <<< spring-boot:4.0.2:run (default-cli) < test-compile @ teamsync <<<
[INFO] 
[INFO] 
[INFO] --- spring-boot:4.0.2:run (default-cli) @ teamsync ---
Downloading from central: https://repo.maven.apache.org/maven2/org/springframework/boot/spring-boot-buildpack-platform/4.0.2/spring-boot-buildpack-platform-4.0.2.pom
Progress (1): 1.0 kB
Progress (1): 2.8 kB
Progress (1): 3.0 kB
                    
Downloaded from central: https://repo.maven.apache.org/maven2/org/springframework/boot/spring-boot-buildpack-platform/4.0.2/spring-boot-buildpack-platform-4.0.2.pom (3.0 kB at 6.4 kB/s)
Downloading from central: https://repo.maven.apache.org/maven2/net/java/dev/jna/jna-platform/5.17.0/jna-platform-5.17.0.pom
Progress (1): 1.3 kB
Progress (1): 2.3 kB
                    
Downloaded from central: https://repo.maven.apache.org/maven2/net/java/dev/jna/jna-platform/5.17.0/jna-platform-5.17.0.pom (2.3 kB at 49 kB/s)
Downloading from central: https://repo.maven.apache.org/maven2/net/java/dev/jna/jna/5.17.0/jna-5.17.0.pom
Progress (1): 1.4 kB
Progress (1): 2.0 kB
                    
Downloaded from central: https://repo.maven.apache.org/maven2/net/java/dev/jna/jna/5.17.0/jna-5.17.0.pom (2.0 kB at 53 kB/s)
Downloading from central: https://repo.maven.apache.org/maven2/org/apache/commons/commons-compress/1.27.1/commons-compress-1.27.1.pom
Progress (1): 749 B
Progress (1): 1.6 kB
Progress (1): 3.1 kB
Progress (1): 4.8 kB
Progress (1): 6.8 kB
Progress (1): 9.8 kB
Progress (1): 13 kB 
Progress (1): 15 kB
Progress (1): 18 kB
Progress (1): 21 kB
Progress (1): 23 kB
Progress (1): 23 kB
                   
Downloaded from central: https://repo.maven.apache.org/maven2/org/apache/commons/commons-compress/1.27.1/commons-compress-1.27.1.pom (23 kB at 470 kB/s)
Downloading from central: https://repo.maven.apache.org/maven2/org/apache/commons/commons-parent/72/commons-parent-72.pom
Progress (1): 705 B
Progress (1): 1.6 kB
Progress (1): 2.8 kB
Progress (1): 4.2 kB
Progress (1): 5.4 kB
Progress (1): 7.7 kB
Progress (1): 8.9 kB
Progress (1): 11 kB 
Progress (1): 13 kB
Progress (1): 15 kB
Progress (1): 16 kB
Progress (1): 18 kB
Progress (1): 21 kB
Progress (1): 23 kB
Progress (1): 26 kB
Progress (1): 29 kB
Progress (1): 32 kB
Progress (1): 36 kB
Progress (1): 40 kB
Progress (1): 42 kB
Progress (1): 45 kB
Progress (1): 48 kB
Progress (1): 49 kB
Progress (1): 52 kB
Progress (1): 56 kB
Progress (1): 57 kB
Progress (1): 60 kB
Progress (1): 63 kB
Progress (1): 66 kB
Progress (1): 69 kB
Progress (1): 72 kB
Progress (1): 74 kB
Progress (1): 76 kB
Progress (1): 78 kB
                   
Downloaded from central: https://repo.maven.apache.org/maven2/org/apache/commons/commons-parent/72/commons-parent-72.pom (78 kB at 1.7 MB/s)
Downloading from central: https://repo.maven.apache.org/maven2/org/junit/junit-bom/5.11.0-M2/junit-bom-5.11.0-M2.pom
Progress (1): 908 B
Progress (1): 2.2 kB
Progress (1): 5.7 kB
                    
Downloaded from central: https://repo.maven.apache.org/maven2/org/junit/junit-bom/5.11.0-M2/junit-bom-5.11.0-M2.pom (5.7 kB at 121 kB/s)
Downloading from central: https://repo.maven.apache.org/maven2/commons-codec/commons-codec/1.17.1/commons-codec-1.17.1.pom
Progress (1): 744 B
Progress (1): 1.6 kB
Progress (1): 3.6 kB
Progress (1): 5.4 kB
Progress (1): 6.8 kB
Progress (1): 9.2 kB
Progress (1): 13 kB 
Progress (1): 15 kB
Progress (1): 17 kB
Progress (1): 18 kB
                   
Downloaded from central: https://repo.maven.apache.org/maven2/commons-codec/commons-codec/1.17.1/commons-codec-1.17.1.pom (18 kB at 423 kB/s)
Downloading from central: https://repo.maven.apache.org/maven2/org/apache/commons/commons-parent/71/commons-parent-71.pom
Progress (1): 708 B
Progress (1): 1.6 kB
Progress (1): 2.8 kB
Progress (1): 4.2 kB
Progress (1): 5.4 kB
Progress (1): 7.6 kB
Progress (1): 8.9 kB
Progress (1): 11 kB 
Progress (1): 13 kB
Progress (1): 15 kB
Progress (1): 16 kB
Progress (1): 18 kB
Progress (1): 21 kB
Progress (1): 23 kB
Progress (1): 26 kB
Progress (1): 29 kB
Progress (1): 32 kB
Progress (1): 36 kB
Progress (1): 40 kB
Progress (1): 42 kB
Progress (1): 45 kB
Progress (1): 48 kB
Progress (1): 50 kB
Progress (1): 54 kB
Progress (1): 56 kB
Progress (1): 59 kB
Progress (1): 62 kB
Progress (1): 66 kB
Progress (1): 67 kB
Progress (1): 70 kB
Progress (1): 73 kB
Progress (1): 75 kB
Progress (1): 78 kB
                   
Downloaded from central: https://repo.maven.apache.org/maven2/org/apache/commons/commons-parent/71/commons-parent-71.pom (78 kB at 1.5 MB/s)
Downloading from central: https://repo.maven.apache.org/maven2/org/apache/commons/commons-lang3/3.16.0/commons-lang3-3.16.0.pom
Progress (1): 744 B
Progress (1): 1.8 kB
Progress (1): 4.1 kB
Progress (1): 5.7 kB
Progress (1): 7.5 kB
Progress (1): 10.0 kB
Progress (1): 13 kB  
Progress (1): 14 kB
Progress (1): 17 kB
Progress (1): 20 kB
Progress (1): 24 kB
Progress (1): 27 kB
Progress (1): 30 kB
Progress (1): 31 kB
                   
Downloaded from central: https://repo.maven.apache.org/maven2/org/apache/commons/commons-lang3/3.16.0/commons-lang3-3.16.0.pom (31 kB at 727 kB/s)
Downloading from central: https://repo.maven.apache.org/maven2/org/apache/httpcomponents/client5/httpclient5/5.5.2/httpclient5-5.5.2.pom
Progress (1): 867 B
Progress (1): 3.2 kB
Progress (1): 5.6 kB
Progress (1): 6.1 kB
                    
Downloaded from central: https://repo.maven.apache.org/maven2/org/apache/httpcomponents/client5/httpclient5/5.5.2/httpclient5-5.5.2.pom (6.1 kB at 138 kB/s)
Downloading from central: https://repo.maven.apache.org/maven2/org/apache/httpcomponents/client5/httpclient5-parent/5.5.2/httpclient5-parent-5.5.2.pom
Progress (1): 837 B
Progress (1): 2.2 kB
Progress (1): 3.9 kB
Progress (1): 8.4 kB
Progress (1): 12 kB 
Progress (1): 15 kB
Progress (1): 17 kB
                   
Downloaded from central: https://repo.maven.apache.org/maven2/org/apache/httpcomponents/client5/httpclient5-parent/5.5.2/httpclient5-parent-5.5.2.pom (17 kB at 418 kB/s)
Downloading from central: https://repo.maven.apache.org/maven2/org/apache/httpcomponents/httpcomponents-parent/14/httpcomponents-parent-14.pom
Progress (1): 805 B
Progress (1): 2.2 kB
Progress (1): 4.0 kB
Progress (1): 5.9 kB
Progress (1): 7.1 kB
Progress (1): 8.5 kB
Progress (1): 13 kB 
Progress (1): 13 kB
Progress (1): 16 kB
Progress (1): 19 kB
Progress (1): 23 kB
Progress (1): 25 kB
Progress (1): 28 kB
Progress (1): 30 kB
                   
Downloaded from central: https://repo.maven.apache.org/maven2/org/apache/httpcomponents/httpcomponents-parent/14/httpcomponents-parent-14.pom (30 kB at 646 kB/s)
Downloading from central: https://repo.maven.apache.org/maven2/org/apache/apache/27/apache-27.pom
Progress (1): 745 B
Progress (1): 2.1 kB
Progress (1): 3.9 kB
Progress (1): 7.3 kB
Progress (1): 12 kB 
Progress (1): 16 kB
Progress (1): 19 kB
Progress (1): 19 kB
Progress (1): 20 kB
                   
Downloaded from central: https://repo.maven.apache.org/maven2/org/apache/apache/27/apache-27.pom (20 kB at 407 kB/s)
Downloading from central: https://repo.maven.apache.org/maven2/org/junit/junit-bom/5.13.3/junit-bom-5.13.3.pom
Progress (1): 908 B
Progress (1): 4.1 kB
Progress (1): 5.7 kB
                    
Downloaded from central: https://repo.maven.apache.org/maven2/org/junit/junit-bom/5.13.3/junit-bom-5.13.3.pom (5.7 kB at 153 kB/s)
Downloading from central: https://repo.maven.apache.org/maven2/org/apache/httpcomponents/core5/httpcore5/5.3.6/httpcore5-5.3.6.pom
Progress (1): 883 B
Progress (1): 2.9 kB
Progress (1): 3.9 kB
                    
Downloaded from central: https://repo.maven.apache.org/maven2/org/apache/httpcomponents/core5/httpcore5/5.3.6/httpcore5-5.3.6.pom (3.9 kB at 101 kB/s)
Downloading from central: https://repo.maven.apache.org/maven2/org/apache/httpcomponents/core5/httpcore5-parent/5.3.6/httpcore5-parent-5.3.6.pom
Progress (1): 846 B
Progress (1): 2.2 kB
Progress (1): 3.9 kB
Progress (1): 7.5 kB
Progress (1): 10 kB 
Progress (1): 14 kB
                   
Downloaded from central: https://repo.maven.apache.org/maven2/org/apache/httpcomponents/core5/httpcore5-parent/5.3.6/httpcore5-parent-5.3.6.pom (14 kB at 303 kB/s)
Downloading from central: https://repo.maven.apache.org/maven2/org/apache/httpcomponents/httpcomponents-parent/13/httpcomponents-parent-13.pom
Progress (1): 805 B
Progress (1): 2.1 kB
Progress (1): 4.1 kB
Progress (1): 5.9 kB
Progress (1): 7.1 kB
Progress (1): 8.5 kB
Progress (1): 12 kB 
Progress (1): 13 kB
Progress (1): 16 kB
Progress (1): 19 kB
Progress (1): 23 kB
Progress (1): 25 kB
Progress (1): 28 kB
Progress (1): 30 kB
                   
Downloaded from central: https://repo.maven.apache.org/maven2/org/apache/httpcomponents/httpcomponents-parent/13/httpcomponents-parent-13.pom (30 kB at 703 kB/s)
Downloading from central: https://repo.maven.apache.org/maven2/org/apache/httpcomponents/core5/httpcore5-h2/5.3.6/httpcore5-h2-5.3.6.pom
Progress (1): 889 B
Progress (1): 3.1 kB
Progress (1): 3.6 kB
                    
Downloaded from central: https://repo.maven.apache.org/maven2/org/apache/httpcomponents/core5/httpcore5-h2/5.3.6/httpcore5-h2-5.3.6.pom (3.6 kB at 90 kB/s)
Downloading from central: https://repo.maven.apache.org/maven2/org/tomlj/tomlj/1.0.0/tomlj-1.0.0.pom
Progress (1): 1.2 kB
Progress (1): 2.8 kB
                    
Downloaded from central: https://repo.maven.apache.org/maven2/org/tomlj/tomlj/1.0.0/tomlj-1.0.0.pom (2.8 kB at 67 kB/s)
Downloading from central: https://repo.maven.apache.org/maven2/org/antlr/antlr4-runtime/4.7.2/antlr4-runtime-4.7.2.pom
Progress (1): 915 B
Progress (1): 3.3 kB
Progress (1): 3.6 kB
                    
Downloaded from central: https://repo.maven.apache.org/maven2/org/antlr/antlr4-runtime/4.7.2/antlr4-runtime-4.7.2.pom (3.6 kB at 88 kB/s)
Downloading from central: https://repo.maven.apache.org/maven2/org/antlr/antlr4-master/4.7.2/antlr4-master-4.7.2.pom
Progress (1): 1.0 kB
Progress (1): 2.9 kB
Progress (1): 4.4 kB
                    
Downloaded from central: https://repo.maven.apache.org/maven2/org/antlr/antlr4-master/4.7.2/antlr4-master-4.7.2.pom (4.4 kB at 110 kB/s)
Downloading from central: https://repo.maven.apache.org/maven2/com/google/code/findbugs/jsr305/3.0.2/jsr305-3.0.2.pom
Progress (1): 1.0 kB
Progress (1): 3.7 kB
Progress (1): 4.3 kB
                    
Downloaded from central: https://repo.maven.apache.org/maven2/com/google/code/findbugs/jsr305/3.0.2/jsr305-3.0.2.pom (4.3 kB at 100 kB/s)
Downloading from central: https://repo.maven.apache.org/maven2/org/springframework/boot/spring-boot-loader-tools/4.0.2/spring-boot-loader-tools-4.0.2.pom
Progress (1): 1.0 kB
Progress (1): 2.2 kB
                    
Downloaded from central: https://repo.maven.apache.org/maven2/org/springframework/boot/spring-boot-loader-tools/4.0.2/spring-boot-loader-tools-4.0.2.pom (2.2 kB at 53 kB/s)
Downloading from central: https://repo.maven.apache.org/maven2/org/apache/maven/plugins/maven-shade-plugin/3.6.0/maven-shade-plugin-3.6.0.pom
Progress (1): 773 B
Progress (1): 2.3 kB
Progress (1): 4.9 kB
Progress (1): 8.0 kB
Progress (1): 11 kB 
Progress (1): 12 kB
                   
Downloaded from central: https://repo.maven.apache.org/maven2/org/apache/maven/plugins/maven-shade-plugin/3.6.0/maven-shade-plugin-3.6.0.pom (12 kB at 188 kB/s)
Downloading from central: https://repo.maven.apache.org/maven2/org/ow2/asm/asm/9.7/asm-9.7.pom
Progress (1): 1.3 kB
Progress (1): 2.4 kB
                    
Downloaded from central: https://repo.maven.apache.org/maven2/org/ow2/asm/asm/9.7/asm-9.7.pom (2.4 kB at 54 kB/s)
Downloading from central: https://repo.maven.apache.org/maven2/org/ow2/asm/asm-commons/9.7/asm-commons-9.7.pom
Progress (1): 1.1 kB
Progress (1): 2.8 kB
                    
Downloaded from central: https://repo.maven.apache.org/maven2/org/ow2/asm/asm-commons/9.7/asm-commons-9.7.pom (2.8 kB at 63 kB/s)
Downloading from central: https://repo.maven.apache.org/maven2/org/ow2/asm/asm-tree/9.7/asm-tree-9.7.pom
Progress (1): 1.1 kB
Progress (1): 2.6 kB
                    
Downloaded from central: https://repo.maven.apache.org/maven2/org/ow2/asm/asm-tree/9.7/asm-tree-9.7.pom (2.6 kB at 56 kB/s)
Downloading from central: https://repo.maven.apache.org/maven2/org/jdom/jdom2/2.0.6.1/jdom2-2.0.6.1.pom
Progress (1): 956 B
Progress (1): 2.2 kB
Progress (1): 3.2 kB
Progress (1): 4.6 kB
                    
Downloaded from central: https://repo.maven.apache.org/maven2/org/jdom/jdom2/2.0.6.1/jdom2-2.0.6.1.pom (4.6 kB at 118 kB/s)
Downloading from central: https://repo.maven.apache.org/maven2/org/apache/commons/commons-compress/1.26.2/commons-compress-1.26.2.pom
Progress (1): 758 B
Progress (1): 1.9 kB
Progress (1): 3.7 kB
Progress (1): 5.4 kB
Progress (1): 9.3 kB
Progress (1): 12 kB 
Progress (1): 15 kB
Progress (1): 18 kB
Progress (1): 21 kB
Progress (1): 23 kB
                   
Downloaded from central: https://repo.maven.apache.org/maven2/org/apache/commons/commons-compress/1.26.2/commons-compress-1.26.2.pom (23 kB at 588 kB/s)
Downloading from central: https://repo.maven.apache.org/maven2/commons-codec/commons-codec/1.17.0/commons-codec-1.17.0.pom
Progress (1): 745 B
Progress (1): 1.9 kB
Progress (1): 4.0 kB
Progress (1): 5.8 kB
Progress (1): 8.4 kB
Progress (1): 11 kB 
Progress (1): 14 kB
Progress (1): 17 kB
Progress (1): 18 kB
                   
Downloaded from central: https://repo.maven.apache.org/maven2/commons-codec/commons-codec/1.17.0/commons-codec-1.17.0.pom (18 kB at 380 kB/s)
Downloading from central: https://repo.maven.apache.org/maven2/org/vafer/jdependency/2.10/jdependency-2.10.pom
Progress (1): 1.2 kB
Progress (1): 5.0 kB
Progress (1): 7.5 kB
Progress (1): 11 kB 
Progress (1): 14 kB
                   
Downloaded from central: https://repo.maven.apache.org/maven2/org/vafer/jdependency/2.10/jdependency-2.10.pom (14 kB at 334 kB/s)
Downloading from central: https://repo.maven.apache.org/maven2/org/springframework/boot/spring-boot-buildpack-platform/4.0.2/spring-boot-buildpack-platform-4.0.2.jar
Progress (1): 7.7/328 kB
Progress (1): 16/328 kB 
Progress (1): 28/328 kB
Progress (1): 44/328 kB
Progress (1): 61/328 kB
Progress (1): 77/328 kB
Progress (1): 93/328 kB
Progress (1): 110/328 kB
Progress (1): 126/328 kB
Progress (1): 143/328 kB
Progress (1): 159/328 kB
Progress (1): 175/328 kB
Progress (1): 192/328 kB
Progress (1): 208/328 kB
Progress (1): 225/328 kB
Progress (1): 241/328 kB
Progress (1): 257/328 kB
Progress (1): 274/328 kB
Progress (1): 290/328 kB
Progress (1): 306/328 kB
Progress (1): 323/328 kB
Progress (1): 328 kB    
                    
Downloaded from central: https://repo.maven.apache.org/maven2/org/springframework/boot/spring-boot-buildpack-platform/4.0.2/spring-boot-buildpack-platform-4.0.2.jar (328 kB at 3.7 MB/s)
Downloading from central: https://repo.maven.apache.org/maven2/net/java/dev/jna/jna-platform/5.17.0/jna-platform-5.17.0.jar
Downloading from central: https://repo.maven.apache.org/maven2/net/java/dev/jna/jna/5.17.0/jna-5.17.0.jar
Downloading from central: https://repo.maven.apache.org/maven2/org/apache/commons/commons-compress/1.27.1/commons-compress-1.27.1.jar
Downloading from central: https://repo.maven.apache.org/maven2/commons-codec/commons-codec/1.17.1/commons-codec-1.17.1.jar
Downloading from central: https://repo.maven.apache.org/maven2/org/apache/commons/commons-lang3/3.16.0/commons-lang3-3.16.0.jar
Progress (1): 0/2.0 MB
Progress (1): 0/2.0 MB
Progress (1): 0/2.0 MB
Progress (1): 0/2.0 MB
Progress (1): 0.1/2.0 MB
Progress (1): 0.1/2.0 MB
Progress (1): 0.1/2.0 MB
Progress (1): 0.1/2.0 MB
Progress (1): 0.1/2.0 MB
Progress (1): 0.1/2.0 MB
Progress (1): 0.2/2.0 MB
Progress (1): 0.2/2.0 MB
Progress (1): 0.2/2.0 MB
Progress (1): 0.2/2.0 MB
Progress (1): 0.2/2.0 MB
Progress (1): 0.2/2.0 MB
Progress (1): 0.3/2.0 MB
Progress (1): 0.3/2.0 MB
Progress (1): 0.3/2.0 MB
Progress (1): 0.3/2.0 MB
Progress (1): 0.3/2.0 MB
Progress (1): 0.3/2.0 MB
Progress (1): 0.4/2.0 MB
Progress (1): 0.4/2.0 MB
Progress (1): 0.4/2.0 MB
Progress (1): 0.4/2.0 MB
Progress (1): 0.4/2.0 MB
Progress (1): 0.4/2.0 MB
Progress (1): 0.4/2.0 MB
Progress (1): 0.5/2.0 MB
Progress (1): 0.5/2.0 MB
Progress (1): 0.5/2.0 MB
Progress (1): 0.5/2.0 MB
Progress (1): 0.5/2.0 MB
Progress (1): 0.5/2.0 MB
Progress (1): 0.6/2.0 MB
Progress (1): 0.6/2.0 MB
Progress (1): 0.6/2.0 MB
Progress (1): 0.6/2.0 MB
Progress (1): 0.6/2.0 MB
Progress (1): 0.6/2.0 MB
Progress (1): 0.7/2.0 MB
Progress (1): 0.7/2.0 MB
Progress (1): 0.7/2.0 MB
Progress (1): 0.7/2.0 MB
Progress (1): 0.7/2.0 MB
Progress (1): 0.7/2.0 MB
Progress (1): 0.8/2.0 MB
Progress (1): 0.8/2.0 MB
Progress (1): 0.8/2.0 MB
Progress (1): 0.8/2.0 MB
Progress (1): 0.8/2.0 MB
Progress (1): 0.8/2.0 MB
Progress (1): 0.9/2.0 MB
Progress (1): 0.9/2.0 MB
Progress (1): 0.9/2.0 MB
Progress (1): 0.9/2.0 MB
Progress (1): 0.9/2.0 MB
Progress (1): 0.9/2.0 MB
Progress (1): 0.9/2.0 MB
Progress (1): 1.0/2.0 MB
Progress (1): 1.0/2.0 MB
Progress (1): 1.0/2.0 MB
Progress (1): 1.0/2.0 MB
Progress (1): 1.0/2.0 MB
Progress (1): 1.0/2.0 MB
Progress (1): 1.1/2.0 MB
Progress (2): 1.1/2.0 MB | 0.9/373 kB
Progress (2): 1.1/2.0 MB | 2.3/373 kB
Progress (2): 1.1/2.0 MB | 3.6/373 kB
Progress (2): 1.1/2.0 MB | 5.0/373 kB
Progress (2): 1.1/2.0 MB | 6.4/373 kB
Progress (2): 1.1/2.0 MB | 7.7/373 kB
Progress (2): 1.1/2.0 MB | 9.1/373 kB
Progress (2): 1.1/2.0 MB | 10/373 kB 
Progress (2): 1.1/2.0 MB | 12/373 kB
Progress (2): 1.1/2.0 MB | 13/373 kB
Progress (2): 1.1/2.0 MB | 15/373 kB
Progress (2): 1.1/2.0 MB | 15/373 kB
Progress (2): 1.1/2.0 MB | 16/373 kB
Progress (2): 1.1/2.0 MB | 17/373 kB
Progress (2): 1.1/2.0 MB | 19/373 kB
Progress (2): 1.1/2.0 MB | 20/373 kB
Progress (2): 1.1/2.0 MB | 21/373 kB
Progress (2): 1.1/2.0 MB | 23/373 kB
Progress (2): 1.1/2.0 MB | 24/373 kB
Progress (2): 1.1/2.0 MB | 25/373 kB
Progress (2): 1.1/2.0 MB | 26/373 kB
Progress (2): 1.1/2.0 MB | 27/373 kB
Progress (2): 1.1/2.0 MB | 29/373 kB
Progress (2): 1.1/2.0 MB | 30/373 kB
Progress (2): 1.1/2.0 MB | 31/373 kB
Progress (2): 1.1/2.0 MB | 33/373 kB
Progress (2): 1.1/2.0 MB | 34/373 kB
Progress (2): 1.1/2.0 MB | 36/373 kB
Progress (2): 1.1/2.0 MB | 37/373 kB
Progress (2): 1.1/2.0 MB | 38/373 kB
Progress (2): 1.1/2.0 MB | 40/373 kB
Progress (2): 1.1/2.0 MB | 41/373 kB
Progress (2): 1.1/2.0 MB | 42/373 kB
Progress (2): 1.1/2.0 MB | 44/373 kB
Progress (2): 1.1/2.0 MB | 44/373 kB
Progress (2): 1.1/2.0 MB | 45/373 kB
Progress (2): 1.1/2.0 MB | 46/373 kB
Progress (2): 1.1/2.0 MB | 48/373 kB
Progress (2): 1.1/2.0 MB | 49/373 kB
Progress (2): 1.1/2.0 MB | 51/373 kB
Progress (2): 1.1/2.0 MB | 52/373 kB
Progress (2): 1.1/2.0 MB | 53/373 kB
Progress (2): 1.1/2.0 MB | 55/373 kB
Progress (2): 1.1/2.0 MB | 59/373 kB
Progress (2): 1.1/2.0 MB | 63/373 kB
Progress (2): 1.1/2.0 MB | 63/373 kB
Progress (2): 1.1/2.0 MB | 63/373 kB
Progress (2): 1.1/2.0 MB | 63/373 kB
Progress (2): 1.2/2.0 MB | 63/373 kB
Progress (2): 1.2/2.0 MB | 63/373 kB
Progress (2): 1.2/2.0 MB | 63/373 kB
Progress (2): 1.2/2.0 MB | 63/373 kB
Progress (2): 1.2/2.0 MB | 63/373 kB
Progress (2): 1.2/2.0 MB | 63/373 kB
Progress (3): 1.2/2.0 MB | 63/373 kB | 0.9/674 kB
Progress (3): 1.2/2.0 MB | 63/373 kB | 2.3/674 kB
Progress (3): 1.2/2.0 MB | 63/373 kB | 3.6/674 kB
Progress (3): 1.2/2.0 MB | 63/373 kB | 5.0/674 kB
Progress (3): 1.2/2.0 MB | 63/373 kB | 6.4/674 kB
Progress (3): 1.2/2.0 MB | 63/373 kB | 7.7/674 kB
Progress (3): 1.2/2.0 MB | 63/373 kB | 9.1/674 kB
Progress (3): 1.2/2.0 MB | 63/373 kB | 10/674 kB 
Progress (3): 1.2/2.0 MB | 63/373 kB | 12/674 kB
Progress (3): 1.2/2.0 MB | 63/373 kB | 13/674 kB
Progress (3): 1.2/2.0 MB | 63/373 kB | 15/674 kB
Progress (3): 1.2/2.0 MB | 63/373 kB | 16/674 kB
Progress (3): 1.2/2.0 MB | 63/373 kB | 17/674 kB
Progress (3): 1.2/2.0 MB | 63/373 kB | 18/674 kB
Progress (3): 1.2/2.0 MB | 63/373 kB | 20/674 kB
Progress (3): 1.2/2.0 MB | 63/373 kB | 21/674 kB
Progress (3): 1.2/2.0 MB | 63/373 kB | 23/674 kB
Progress (3): 1.2/2.0 MB | 63/373 kB | 24/674 kB
Progress (3): 1.2/2.0 MB | 63/373 kB | 25/674 kB
Progress (3): 1.2/2.0 MB | 63/373 kB | 27/674 kB
Progress (3): 1.2/2.0 MB | 63/373 kB | 28/674 kB
Progress (3): 1.3/2.0 MB | 63/373 kB | 28/674 kB
Progress (3): 1.3/2.0 MB | 63/373 kB | 29/674 kB
Progress (3): 1.3/2.0 MB | 63/373 kB | 31/674 kB
Progress (3): 1.3/2.0 MB | 63/373 kB | 32/674 kB
Progress (3): 1.3/2.0 MB | 63/373 kB | 33/674 kB
Progress (3): 1.3/2.0 MB | 63/373 kB | 35/674 kB
Progress (3): 1.3/2.0 MB | 63/373 kB | 36/674 kB
Progress (3): 1.3/2.0 MB | 63/373 kB | 38/674 kB
Progress (3): 1.3/2.0 MB | 63/373 kB | 39/674 kB
Progress (3): 1.3/2.0 MB | 63/373 kB | 40/674 kB
Progress (3): 1.3/2.0 MB | 63/373 kB | 42/674 kB
Progress (3): 1.3/2.0 MB | 63/373 kB | 43/674 kB
Progress (3): 1.3/2.0 MB | 63/373 kB | 44/674 kB
Progress (3): 1.3/2.0 MB | 63/373 kB | 46/674 kB
Progress (3): 1.3/2.0 MB | 63/373 kB | 46/674 kB
Progress (3): 1.3/2.0 MB | 63/373 kB | 47/674 kB
Progress (3): 1.3/2.0 MB | 63/373 kB | 49/674 kB
Progress (3): 1.3/2.0 MB | 63/373 kB | 50/674 kB
Progress (3): 1.3/2.0 MB | 63/373 kB | 51/674 kB
Progress (3): 1.3/2.0 MB | 63/373 kB | 53/674 kB
Progress (3): 1.3/2.0 MB | 63/373 kB | 54/674 kB
Progress (3): 1.3/2.0 MB | 63/373 kB | 55/674 kB
Progress (3): 1.3/2.0 MB | 63/373 kB | 60/674 kB
Progress (3): 1.3/2.0 MB | 63/373 kB | 60/674 kB
Progress (3): 1.3/2.0 MB | 63/373 kB | 60/674 kB
Progress (4): 1.3/2.0 MB | 63/373 kB | 60/674 kB | 0/1.1 MB
Progress (4): 1.3/2.0 MB | 63/373 kB | 60/674 kB | 0/1.1 MB
Progress (4): 1.3/2.0 MB | 63/373 kB | 60/674 kB | 0/1.1 MB
Progress (4): 1.3/2.0 MB | 63/373 kB | 60/674 kB | 0/1.1 MB
Progress (4): 1.3/2.0 MB | 63/373 kB | 60/674 kB | 0/1.1 MB
Progress (4): 1.3/2.0 MB | 63/373 kB | 60/674 kB | 0/1.1 MB
Progress (4): 1.3/2.0 MB | 63/373 kB | 60/674 kB | 0/1.1 MB
Progress (4): 1.3/2.0 MB | 63/373 kB | 60/674 kB | 0/1.1 MB
Progress (4): 1.3/2.0 MB | 63/373 kB | 60/674 kB | 0/1.1 MB
Progress (4): 1.3/2.0 MB | 63/373 kB | 60/674 kB | 0/1.1 MB
Progress (4): 1.3/2.0 MB | 63/373 kB | 60/674 kB | 0/1.1 MB
Progress (4): 1.3/2.0 MB | 63/373 kB | 60/674 kB | 0/1.1 MB
Progress (4): 1.3/2.0 MB | 63/373 kB | 60/674 kB | 0/1.1 MB
Progress (4): 1.3/2.0 MB | 63/373 kB | 60/674 kB | 0/1.1 MB
Progress (4): 1.3/2.0 MB | 63/373 kB | 60/674 kB | 0/1.1 MB
Progress (4): 1.3/2.0 MB | 63/373 kB | 60/674 kB | 0/1.1 MB
Progress (4): 1.3/2.0 MB | 63/373 kB | 60/674 kB | 0/1.1 MB
Progress (4): 1.3/2.0 MB | 63/373 kB | 60/674 kB | 0/1.1 MB
Progress (4): 1.3/2.0 MB | 63/373 kB | 60/674 kB | 0/1.1 MB
Progress (4): 1.3/2.0 MB | 63/373 kB | 60/674 kB | 0/1.1 MB
Progress (5): 1.3/2.0 MB | 63/373 kB | 60/674 kB | 0/1.1 MB | 0/1.4 MB
Progress (5): 1.3/2.0 MB | 63/373 kB | 60/674 kB | 0/1.1 MB | 0/1.4 MB
Progress (5): 1.3/2.0 MB | 63/373 kB | 60/674 kB | 0/1.1 MB | 0/1.4 MB
Progress (5): 1.3/2.0 MB | 63/373 kB | 60/674 kB | 0/1.1 MB | 0/1.4 MB
Progress (5): 1.3/2.0 MB | 63/373 kB | 60/674 kB | 0/1.1 MB | 0/1.4 MB
Progress (5): 1.3/2.0 MB | 63/373 kB | 60/674 kB | 0/1.1 MB | 0/1.4 MB
Progress (5): 1.3/2.0 MB | 63/373 kB | 60/674 kB | 0/1.1 MB | 0/1.4 MB
Progress (5): 1.3/2.0 MB | 63/373 kB | 60/674 kB | 0/1.1 MB | 0/1.4 MB
Progress (5): 1.3/2.0 MB | 63/373 kB | 60/674 kB | 0/1.1 MB | 0/1.4 MB
Progress (5): 1.3/2.0 MB | 63/373 kB | 60/674 kB | 0/1.1 MB | 0/1.4 MB
Progress (5): 1.3/2.0 MB | 63/373 kB | 60/674 kB | 0/1.1 MB | 0/1.4 MB
Progress (5): 1.3/2.0 MB | 63/373 kB | 60/674 kB | 0/1.1 MB | 0/1.4 MB
Progress (5): 1.3/2.0 MB | 63/373 kB | 60/674 kB | 0/1.1 MB | 0/1.4 MB
Progress (5): 1.3/2.0 MB | 63/373 kB | 60/674 kB | 0/1.1 MB | 0/1.4 MB
Progress (5): 1.3/2.0 MB | 63/373 kB | 60/674 kB | 0/1.1 MB | 0/1.4 MB
Progress (5): 1.3/2.0 MB | 63/373 kB | 60/674 kB | 0/1.1 MB | 0/1.4 MB
Progress (5): 1.3/2.0 MB | 63/373 kB | 60/674 kB | 0/1.1 MB | 0/1.4 MB
Progress (5): 1.3/2.0 MB | 63/373 kB | 60/674 kB | 0/1.1 MB | 0/1.4 MB
Progress (5): 1.3/2.0 MB | 63/373 kB | 60/674 kB | 0/1.1 MB | 0/1.4 MB
Progress (5): 1.3/2.0 MB | 63/373 kB | 60/674 kB | 0/1.1 MB | 0/1.4 MB
Progress (5): 1.3/2.0 MB | 63/373 kB | 60/674 kB | 0/1.1 MB | 0/1.4 MB
Progress (5): 1.3/2.0 MB | 63/373 kB | 60/674 kB | 0/1.1 MB | 0/1.4 MB
Progress (5): 1.3/2.0 MB | 63/373 kB | 60/674 kB | 0/1.1 MB | 0/1.4 MB
Progress (5): 1.3/2.0 MB | 63/373 kB | 60/674 kB | 0/1.1 MB | 0/1.4 MB
Progress (5): 1.3/2.0 MB | 63/373 kB | 60/674 kB | 0/1.1 MB | 0/1.4 MB
Progress (5): 1.3/2.0 MB | 63/373 kB | 60/674 kB | 0/1.1 MB | 0/1.4 MB
Progress (5): 1.3/2.0 MB | 63/373 kB | 60/674 kB | 0/1.1 MB | 0/1.4 MB
Progress (5): 1.3/2.0 MB | 63/373 kB | 60/674 kB | 0/1.1 MB | 0/1.4 MB
Progress (5): 1.3/2.0 MB | 63/373 kB | 60/674 kB | 0/1.1 MB | 0/1.4 MB
Progress (5): 1.3/2.0 MB | 63/373 kB | 60/674 kB | 0/1.1 MB | 0/1.4 MB
Progress (5): 1.3/2.0 MB | 63/373 kB | 60/674 kB | 0/1.1 MB | 0/1.4 MB
Progress (5): 1.3/2.0 MB | 63/373 kB | 60/674 kB | 0/1.1 MB | 0/1.4 MB
Progress (5): 1.3/2.0 MB | 63/373 kB | 60/674 kB | 0/1.1 MB | 0/1.4 MB
Progress (5): 1.3/2.0 MB | 63/373 kB | 60/674 kB | 0/1.1 MB | 0/1.4 MB
Progress (5): 1.3/2.0 MB | 63/373 kB | 60/674 kB | 0/1.1 MB | 0/1.4 MB
Progress (5): 1.3/2.0 MB | 63/373 kB | 60/674 kB | 0/1.1 MB | 0/1.4 MB
Progress (5): 1.3/2.0 MB | 63/373 kB | 60/674 kB | 0/1.1 MB | 0/1.4 MB
Progress (5): 1.3/2.0 MB | 63/373 kB | 60/674 kB | 0/1.1 MB | 0/1.4 MB
Progress (5): 1.3/2.0 MB | 63/373 kB | 60/674 kB | 0/1.1 MB | 0/1.4 MB
Progress (5): 1.3/2.0 MB | 63/373 kB | 60/674 kB | 0/1.1 MB | 0/1.4 MB
Progress (5): 1.3/2.0 MB | 63/373 kB | 60/674 kB | 0/1.1 MB | 0/1.4 MB
Progress (5): 1.3/2.0 MB | 63/373 kB | 60/674 kB | 0/1.1 MB | 0/1.4 MB
Progress (5): 1.3/2.0 MB | 63/373 kB | 60/674 kB | 0/1.1 MB | 0/1.4 MB
Progress (5): 1.3/2.0 MB | 63/373 kB | 60/674 kB | 0/1.1 MB | 0/1.4 MB
Progress (5): 1.3/2.0 MB | 63/373 kB | 60/674 kB | 0/1.1 MB | 0/1.4 MB
Progress (5): 1.3/2.0 MB | 63/373 kB | 60/674 kB | 0/1.1 MB | 0/1.4 MB
Progress (5): 1.3/2.0 MB | 63/373 kB | 60/674 kB | 0/1.1 MB | 0/1.4 MB
Progress (5): 1.3/2.0 MB | 63/373 kB | 60/674 kB | 0/1.1 MB | 0/1.4 MB
Progress (5): 1.3/2.0 MB | 63/373 kB | 60/674 kB | 0/1.1 MB | 0/1.4 MB
Progress (5): 1.3/2.0 MB | 63/373 kB | 60/674 kB | 0/1.1 MB | 0/1.4 MB
Progress (5): 1.3/2.0 MB | 63/373 kB | 60/674 kB | 0/1.1 MB | 0/1.4 MB
Progress (5): 1.3/2.0 MB | 63/373 kB | 60/674 kB | 0/1.1 MB | 0/1.4 MB
Progress (5): 1.3/2.0 MB | 67/373 kB | 60/674 kB | 0/1.1 MB | 0/1.4 MB
Progress (5): 1.3/2.0 MB | 72/373 kB | 60/674 kB | 0/1.1 MB | 0/1.4 MB
Progress (5): 1.3/2.0 MB | 76/373 kB | 60/674 kB | 0/1.1 MB | 0/1.4 MB
Progress (5): 1.3/2.0 MB | 80/373 kB | 60/674 kB | 0/1.1 MB | 0/1.4 MB
Progress (5): 1.3/2.0 MB | 84/373 kB | 60/674 kB | 0/1.1 MB | 0/1.4 MB
Progress (5): 1.3/2.0 MB | 89/373 kB | 60/674 kB | 0/1.1 MB | 0/1.4 MB
Progress (5): 1.3/2.0 MB | 93/373 kB | 60/674 kB | 0/1.1 MB | 0/1.4 MB
Progress (5): 1.3/2.0 MB | 97/373 kB | 60/674 kB | 0/1.1 MB | 0/1.4 MB
Progress (5): 1.3/2.0 MB | 101/373 kB | 60/674 kB | 0/1.1 MB | 0/1.4 MB
Progress (5): 1.3/2.0 MB | 105/373 kB | 60/674 kB | 0/1.1 MB | 0/1.4 MB
Progress (5): 1.3/2.0 MB | 110/373 kB | 60/674 kB | 0/1.1 MB | 0/1.4 MB
Progress (5): 1.3/2.0 MB | 114/373 kB | 60/674 kB | 0/1.1 MB | 0/1.4 MB
Progress (5): 1.3/2.0 MB | 118/373 kB | 60/674 kB | 0/1.1 MB | 0/1.4 MB
Progress (5): 1.3/2.0 MB | 122/373 kB | 60/674 kB | 0/1.1 MB | 0/1.4 MB
Progress (5): 1.3/2.0 MB | 127/373 kB | 60/674 kB | 0/1.1 MB | 0/1.4 MB
Progress (5): 1.3/2.0 MB | 127/373 kB | 64/674 kB | 0/1.1 MB | 0/1.4 MB
Progress (5): 1.3/2.0 MB | 127/373 kB | 68/674 kB | 0/1.1 MB | 0/1.4 MB
Progress (5): 1.3/2.0 MB | 127/373 kB | 68/674 kB | 0/1.1 MB | 0/1.4 MB
Progress (5): 1.3/2.0 MB | 127/373 kB | 68/674 kB | 0/1.1 MB | 0/1.4 MB
Progress (5): 1.3/2.0 MB | 127/373 kB | 68/674 kB | 0/1.1 MB | 0/1.4 MB
Progress (5): 1.3/2.0 MB | 127/373 kB | 68/674 kB | 0/1.1 MB | 0/1.4 MB
Progress (5): 1.4/2.0 MB | 127/373 kB | 68/674 kB | 0/1.1 MB | 0/1.4 MB
Progress (5): 1.4/2.0 MB | 127/373 kB | 68/674 kB | 0/1.1 MB | 0/1.4 MB
Progress (5): 1.4/2.0 MB | 131/373 kB | 68/674 kB | 0/1.1 MB | 0/1.4 MB
Progress (5): 1.4/2.0 MB | 131/373 kB | 68/674 kB | 0/1.1 MB | 0/1.4 MB
Progress (5): 1.4/2.0 MB | 135/373 kB | 68/674 kB | 0/1.1 MB | 0/1.4 MB
Progress (5): 1.4/2.0 MB | 135/373 kB | 68/674 kB | 0/1.1 MB | 0/1.4 MB
Progress (5): 1.4/2.0 MB | 135/373 kB | 68/674 kB | 0/1.1 MB | 0/1.4 MB
Progress (5): 1.4/2.0 MB | 135/373 kB | 68/674 kB | 0/1.1 MB | 0/1.4 MB
Progress (5): 1.5/2.0 MB | 135/373 kB | 68/674 kB | 0/1.1 MB | 0/1.4 MB
Progress (5): 1.5/2.0 MB | 135/373 kB | 68/674 kB | 0/1.1 MB | 0/1.4 MB
Progress (5): 1.5/2.0 MB | 135/373 kB | 68/674 kB | 0/1.1 MB | 0/1.4 MB
Progress (5): 1.5/2.0 MB | 135/373 kB | 68/674 kB | 0/1.1 MB | 0/1.4 MB
Progress (5): 1.5/2.0 MB | 135/373 kB | 68/674 kB | 0/1.1 MB | 0/1.4 MB
Progress (5): 1.5/2.0 MB | 135/373 kB | 68/674 kB | 0/1.1 MB | 0/1.4 MB
Progress (5): 1.6/2.0 MB | 135/373 kB | 68/674 kB | 0/1.1 MB | 0/1.4 MB
Progress (5): 1.6/2.0 MB | 135/373 kB | 68/674 kB | 0/1.1 MB | 0/1.4 MB
Progress (5): 1.6/2.0 MB | 139/373 kB | 68/674 kB | 0/1.1 MB | 0/1.4 MB
Progress (5): 1.6/2.0 MB | 144/373 kB | 68/674 kB | 0/1.1 MB | 0/1.4 MB
Progress (5): 1.6/2.0 MB | 144/373 kB | 68/674 kB | 0/1.1 MB | 0/1.4 MB
Progress (5): 1.6/2.0 MB | 148/373 kB | 68/674 kB | 0/1.1 MB | 0/1.4 MB
Progress (5): 1.6/2.0 MB | 152/373 kB | 68/674 kB | 0/1.1 MB | 0/1.4 MB
Progress (5): 1.6/2.0 MB | 156/373 kB | 68/674 kB | 0/1.1 MB | 0/1.4 MB
Progress (5): 1.6/2.0 MB | 160/373 kB | 68/674 kB | 0/1.1 MB | 0/1.4 MB
Progress (5): 1.6/2.0 MB | 164/373 kB | 68/674 kB | 0/1.1 MB | 0/1.4 MB
Progress (5): 1.6/2.0 MB | 168/373 kB | 68/674 kB | 0/1.1 MB | 0/1.4 MB
Progress (5): 1.6/2.0 MB | 173/373 kB | 68/674 kB | 0/1.1 MB | 0/1.4 MB
Progress (5): 1.6/2.0 MB | 177/373 kB | 68/674 kB | 0/1.1 MB | 0/1.4 MB
Progress (5): 1.6/2.0 MB | 181/373 kB | 68/674 kB | 0/1.1 MB | 0/1.4 MB
Progress (5): 1.6/2.0 MB | 185/373 kB | 68/674 kB | 0/1.1 MB | 0/1.4 MB
Progress (5): 1.6/2.0 MB | 189/373 kB | 68/674 kB | 0/1.1 MB | 0/1.4 MB
Progress (5): 1.6/2.0 MB | 194/373 kB | 68/674 kB | 0/1.1 MB | 0/1.4 MB
Progress (5): 1.6/2.0 MB | 198/373 kB | 68/674 kB | 0/1.1 MB | 0/1.4 MB
Progress (5): 1.6/2.0 MB | 202/373 kB | 68/674 kB | 0/1.1 MB | 0/1.4 MB
Progress (5): 1.6/2.0 MB | 206/373 kB | 68/674 kB | 0/1.1 MB | 0/1.4 MB
Progress (5): 1.6/2.0 MB | 211/373 kB | 68/674 kB | 0/1.1 MB | 0/1.4 MB
Progress (5): 1.6/2.0 MB | 211/373 kB | 68/674 kB | 0/1.1 MB | 0.1/1.4 MB
Progress (5): 1.6/2.0 MB | 211/373 kB | 68/674 kB | 0/1.1 MB | 0.1/1.4 MB
Progress (5): 1.6/2.0 MB | 211/373 kB | 68/674 kB | 0/1.1 MB | 0.1/1.4 MB
Progress (5): 1.6/2.0 MB | 211/373 kB | 68/674 kB | 0/1.1 MB | 0.1/1.4 MB
Progress (5): 1.6/2.0 MB | 211/373 kB | 72/674 kB | 0/1.1 MB | 0.1/1.4 MB
Progress (5): 1.7/2.0 MB | 211/373 kB | 72/674 kB | 0/1.1 MB | 0.1/1.4 MB
Progress (5): 1.7/2.0 MB | 211/373 kB | 77/674 kB | 0/1.1 MB | 0.1/1.4 MB
Progress (5): 1.7/2.0 MB | 211/373 kB | 81/674 kB | 0/1.1 MB | 0.1/1.4 MB
Progress (5): 1.7/2.0 MB | 211/373 kB | 85/674 kB | 0/1.1 MB | 0.1/1.4 MB
Progress (5): 1.7/2.0 MB | 211/373 kB | 85/674 kB | 0/1.1 MB | 0.1/1.4 MB
Progress (5): 1.7/2.0 MB | 211/373 kB | 89/674 kB | 0/1.1 MB | 0.1/1.4 MB
Progress (5): 1.7/2.0 MB | 211/373 kB | 93/674 kB | 0/1.1 MB | 0.1/1.4 MB
Progress (5): 1.7/2.0 MB | 211/373 kB | 98/674 kB | 0/1.1 MB | 0.1/1.4 MB
Progress (5): 1.7/2.0 MB | 211/373 kB | 98/674 kB | 0/1.1 MB | 0.1/1.4 MB
Progress (5): 1.7/2.0 MB | 211/373 kB | 102/674 kB | 0/1.1 MB | 0.1/1.4 MB
Progress (5): 1.7/2.0 MB | 211/373 kB | 106/674 kB | 0/1.1 MB | 0.1/1.4 MB
Progress (5): 1.7/2.0 MB | 211/373 kB | 106/674 kB | 0/1.1 MB | 0.1/1.4 MB
Progress (5): 1.7/2.0 MB | 211/373 kB | 110/674 kB | 0/1.1 MB | 0.1/1.4 MB
Progress (5): 1.7/2.0 MB | 211/373 kB | 115/674 kB | 0/1.1 MB | 0.1/1.4 MB
Progress (5): 1.7/2.0 MB | 211/373 kB | 119/674 kB | 0/1.1 MB | 0.1/1.4 MB
Progress (5): 1.7/2.0 MB | 211/373 kB | 119/674 kB | 0/1.1 MB | 0.1/1.4 MB
Progress (5): 1.7/2.0 MB | 211/373 kB | 123/674 kB | 0/1.1 MB | 0.1/1.4 MB
Progress (5): 1.7/2.0 MB | 211/373 kB | 127/674 kB | 0/1.1 MB | 0.1/1.4 MB
Progress (5): 1.7/2.0 MB | 211/373 kB | 127/674 kB | 0/1.1 MB | 0.1/1.4 MB
Progress (5): 1.7/2.0 MB | 211/373 kB | 131/674 kB | 0/1.1 MB | 0.1/1.4 MB
Progress (5): 1.8/2.0 MB | 211/373 kB | 131/674 kB | 0/1.1 MB | 0.1/1.4 MB
Progress (5): 1.8/2.0 MB | 211/373 kB | 131/674 kB | 0/1.1 MB | 0.1/1.4 MB
Progress (5): 1.8/2.0 MB | 211/373 kB | 131/674 kB | 0/1.1 MB | 0.1/1.4 MB
Progress (5): 1.8/2.0 MB | 211/373 kB | 131/674 kB | 0/1.1 MB | 0.1/1.4 MB
Progress (5): 1.8/2.0 MB | 211/373 kB | 131/674 kB | 0/1.1 MB | 0.1/1.4 MB
Progress (5): 1.8/2.0 MB | 211/373 kB | 131/674 kB | 0.1/1.1 MB | 0.1/1.4 MB
Progress (5): 1.8/2.0 MB | 211/373 kB | 131/674 kB | 0.1/1.1 MB | 0.1/1.4 MB
Progress (5): 1.8/2.0 MB | 211/373 kB | 131/674 kB | 0.1/1.1 MB | 0.1/1.4 MB
Progress (5): 1.8/2.0 MB | 211/373 kB | 131/674 kB | 0.1/1.1 MB | 0.1/1.4 MB
Progress (5): 1.8/2.0 MB | 211/373 kB | 136/674 kB | 0.1/1.1 MB | 0.1/1.4 MB
Progress (5): 1.8/2.0 MB | 211/373 kB | 136/674 kB | 0.1/1.1 MB | 0.1/1.4 MB
Progress (5): 1.8/2.0 MB | 211/373 kB | 136/674 kB | 0.1/1.1 MB | 0.1/1.4 MB
Progress (5): 1.8/2.0 MB | 211/373 kB | 136/674 kB | 0.1/1.1 MB | 0.1/1.4 MB
Progress (5): 1.8/2.0 MB | 211/373 kB | 136/674 kB | 0.1/1.1 MB | 0.1/1.4 MB
Progress (5): 1.8/2.0 MB | 211/373 kB | 136/674 kB | 0.1/1.1 MB | 0.1/1.4 MB
Progress (5): 1.8/2.0 MB | 211/373 kB | 136/674 kB | 0.1/1.1 MB | 0.1/1.4 MB
Progress (5): 1.8/2.0 MB | 211/373 kB | 136/674 kB | 0.1/1.1 MB | 0.1/1.4 MB
Progress (5): 1.8/2.0 MB | 211/373 kB | 136/674 kB | 0.1/1.1 MB | 0.1/1.4 MB
Progress (5): 1.8/2.0 MB | 211/373 kB | 136/674 kB | 0.1/1.1 MB | 0.1/1.4 MB
Progress (5): 1.8/2.0 MB | 211/373 kB | 136/674 kB | 0.1/1.1 MB | 0.1/1.4 MB
Progress (5): 1.8/2.0 MB | 211/373 kB | 136/674 kB | 0.1/1.1 MB | 0.1/1.4 MB
Progress (5): 1.8/2.0 MB | 211/373 kB | 136/674 kB | 0.1/1.1 MB | 0.1/1.4 MB
Progress (5): 1.8/2.0 MB | 211/373 kB | 136/674 kB | 0.1/1.1 MB | 0.1/1.4 MB
Progress (5): 1.8/2.0 MB | 211/373 kB | 136/674 kB | 0.1/1.1 MB | 0.1/1.4 MB
Progress (5): 1.8/2.0 MB | 211/373 kB | 136/674 kB | 0.1/1.1 MB | 0.1/1.4 MB
Progress (5): 1.8/2.0 MB | 211/373 kB | 136/674 kB | 0.1/1.1 MB | 0.1/1.4 MB
Progress (5): 1.8/2.0 MB | 211/373 kB | 136/674 kB | 0.1/1.1 MB | 0.1/1.4 MB
Progress (5): 1.8/2.0 MB | 211/373 kB | 136/674 kB | 0.1/1.1 MB | 0.1/1.4 MB
Progress (5): 1.8/2.0 MB | 211/373 kB | 136/674 kB | 0.1/1.1 MB | 0.1/1.4 MB
Progress (5): 1.8/2.0 MB | 211/373 kB | 136/674 kB | 0.1/1.1 MB | 0.1/1.4 MB
Progress (5): 1.8/2.0 MB | 211/373 kB | 136/674 kB | 0.1/1.1 MB | 0.1/1.4 MB
Progress (5): 1.8/2.0 MB | 211/373 kB | 136/674 kB | 0.1/1.1 MB | 0.1/1.4 MB
Progress (5): 1.8/2.0 MB | 211/373 kB | 136/674 kB | 0.1/1.1 MB | 0.1/1.4 MB
Progress (5): 1.8/2.0 MB | 211/373 kB | 136/674 kB | 0.1/1.1 MB | 0.1/1.4 MB
Progress (5): 1.8/2.0 MB | 211/373 kB | 136/674 kB | 0.1/1.1 MB | 0.1/1.4 MB
Progress (5): 1.8/2.0 MB | 211/373 kB | 136/674 kB | 0.1/1.1 MB | 0.1/1.4 MB
Progress (5): 1.8/2.0 MB | 211/373 kB | 136/674 kB | 0.1/1.1 MB | 0.1/1.4 MB
Progress (5): 1.8/2.0 MB | 211/373 kB | 136/674 kB | 0.1/1.1 MB | 0.1/1.4 MB
Progress (5): 1.8/2.0 MB | 211/373 kB | 136/674 kB | 0.1/1.1 MB | 0.1/1.4 MB
Progress (5): 1.8/2.0 MB | 211/373 kB | 136/674 kB | 0.1/1.1 MB | 0.1/1.4 MB
Progress (5): 1.8/2.0 MB | 215/373 kB | 136/674 kB | 0.1/1.1 MB | 0.1/1.4 MB
Progress (5): 1.8/2.0 MB | 219/373 kB | 136/674 kB | 0.1/1.1 MB | 0.1/1.4 MB
Progress (5): 1.8/2.0 MB | 219/373 kB | 136/674 kB | 0.1/1.1 MB | 0.1/1.4 MB
Progress (5): 1.8/2.0 MB | 219/373 kB | 136/674 kB | 0.1/1.1 MB | 0.1/1.4 MB
Progress (5): 1.8/2.0 MB | 219/373 kB | 140/674 kB | 0.1/1.1 MB | 0.1/1.4 MB
Progress (5): 1.9/2.0 MB | 219/373 kB | 140/674 kB | 0.1/1.1 MB | 0.1/1.4 MB
Progress (5): 1.9/2.0 MB | 219/373 kB | 140/674 kB | 0.1/1.1 MB | 0.1/1.4 MB
Progress (5): 1.9/2.0 MB | 219/373 kB | 140/674 kB | 0.1/1.1 MB | 0.1/1.4 MB
Progress (5): 1.9/2.0 MB | 219/373 kB | 140/674 kB | 0.1/1.1 MB | 0.1/1.4 MB
Progress (5): 1.9/2.0 MB | 219/373 kB | 144/674 kB | 0.1/1.1 MB | 0.1/1.4 MB
Progress (5): 1.9/2.0 MB | 219/373 kB | 147/674 kB | 0.1/1.1 MB | 0.1/1.4 MB
Progress (5): 1.9/2.0 MB | 219/373 kB | 147/674 kB | 0.1/1.1 MB | 0.1/1.4 MB
Progress (5): 1.9/2.0 MB | 219/373 kB | 147/674 kB | 0.1/1.1 MB | 0.1/1.4 MB
Progress (5): 1.9/2.0 MB | 219/373 kB | 147/674 kB | 0.1/1.1 MB | 0.1/1.4 MB
Progress (5): 2.0/2.0 MB | 219/373 kB | 147/674 kB | 0.1/1.1 MB | 0.1/1.4 MB
Progress (5): 2.0/2.0 MB | 219/373 kB | 151/674 kB | 0.1/1.1 MB | 0.1/1.4 MB
Progress (5): 2.0/2.0 MB | 219/373 kB | 155/674 kB | 0.1/1.1 MB | 0.1/1.4 MB
Progress (5): 2.0/2.0 MB | 219/373 kB | 155/674 kB | 0.1/1.1 MB | 0.1/1.4 MB
Progress (5): 2.0/2.0 MB | 219/373 kB | 159/674 kB | 0.1/1.1 MB | 0.1/1.4 MB
Progress (5): 2.0/2.0 MB | 219/373 kB | 164/674 kB | 0.1/1.1 MB | 0.1/1.4 MB
Progress (5): 2.0/2.0 MB | 219/373 kB | 168/674 kB | 0.1/1.1 MB | 0.1/1.4 MB
Progress (5): 2.0/2.0 MB | 219/373 kB | 172/674 kB | 0.1/1.1 MB | 0.1/1.4 MB
Progress (5): 2.0/2.0 MB | 219/373 kB | 176/674 kB | 0.1/1.1 MB | 0.1/1.4 MB
Progress (5): 2.0/2.0 MB | 219/373 kB | 176/674 kB | 0.1/1.1 MB | 0.1/1.4 MB
Progress (5): 2.0/2.0 MB | 219/373 kB | 181/674 kB | 0.1/1.1 MB | 0.1/1.4 MB
Progress (5): 2.0 MB | 219/373 kB | 181/674 kB | 0.1/1.1 MB | 0.1/1.4 MB    
Progress (5): 2.0 MB | 219/373 kB | 185/674 kB | 0.1/1.1 MB | 0.1/1.4 MB
Progress (5): 2.0 MB | 219/373 kB | 189/674 kB | 0.1/1.1 MB | 0.1/1.4 MB
Progress (5): 2.0 MB | 219/373 kB | 193/674 kB | 0.1/1.1 MB | 0.1/1.4 MB
Progress (5): 2.0 MB | 219/373 kB | 193/674 kB | 0.1/1.1 MB | 0.1/1.4 MB
Progress (5): 2.0 MB | 219/373 kB | 197/674 kB | 0.1/1.1 MB | 0.1/1.4 MB
Progress (5): 2.0 MB | 219/373 kB | 197/674 kB | 0.1/1.1 MB | 0.1/1.4 MB
Progress (5): 2.0 MB | 219/373 kB | 197/674 kB | 0.1/1.1 MB | 0.1/1.4 MB
Progress (5): 2.0 MB | 219/373 kB | 197/674 kB | 0.1/1.1 MB | 0.1/1.4 MB
Progress (5): 2.0 MB | 219/373 kB | 197/674 kB | 0.1/1.1 MB | 0.1/1.4 MB
Progress (5): 2.0 MB | 219/373 kB | 197/674 kB | 0.1/1.1 MB | 0.1/1.4 MB
Progress (5): 2.0 MB | 223/373 kB | 197/674 kB | 0.1/1.1 MB | 0.1/1.4 MB
Progress (5): 2.0 MB | 223/373 kB | 197/674 kB | 0.1/1.1 MB | 0.1/1.4 MB
Progress (5): 2.0 MB | 240/373 kB | 197/674 kB | 0.1/1.1 MB | 0.1/1.4 MB
Progress (5): 2.0 MB | 256/373 kB | 197/674 kB | 0.1/1.1 MB | 0.1/1.4 MB
Progress (5): 2.0 MB | 272/373 kB | 197/674 kB | 0.1/1.1 MB | 0.1/1.4 MB
Progress (5): 2.0 MB | 272/373 kB | 197/674 kB | 0.1/1.1 MB | 0.1/1.4 MB
Progress (5): 2.0 MB | 272/373 kB | 197/674 kB | 0.1/1.1 MB | 0.1/1.4 MB
Progress (5): 2.0 MB | 287/373 kB | 197/674 kB | 0.1/1.1 MB | 0.1/1.4 MB
Progress (5): 2.0 MB | 287/373 kB | 197/674 kB | 0.1/1.1 MB | 0.1/1.4 MB
Progress (5): 2.0 MB | 303/373 kB | 197/674 kB | 0.1/1.1 MB | 0.1/1.4 MB
Progress (5): 2.0 MB | 319/373 kB | 197/674 kB | 0.1/1.1 MB | 0.1/1.4 MB
                                                                        
Downloaded from central: https://repo.maven.apache.org/maven2/net/java/dev/jna/jna/5.17.0/jna-5.17.0.jar (2.0 MB at 4.8 MB/s)
Downloading from central: https://repo.maven.apache.org/maven2/org/apache/httpcomponents/client5/httpclient5/5.5.2/httpclient5-5.5.2.jar
Progress (4): 319/373 kB | 197/674 kB | 0.1/1.1 MB | 0.1/1.4 MB
Progress (4): 319/373 kB | 197/674 kB | 0.1/1.1 MB | 0.1/1.4 MB
Progress (4): 319/373 kB | 197/674 kB | 0.1/1.1 MB | 0.1/1.4 MB
Progress (4): 319/373 kB | 197/674 kB | 0.1/1.1 MB | 0.1/1.4 MB
Progress (4): 319/373 kB | 197/674 kB | 0.1/1.1 MB | 0.1/1.4 MB
Progress (4): 319/373 kB | 197/674 kB | 0.1/1.1 MB | 0.2/1.4 MB
Progress (4): 336/373 kB | 197/674 kB | 0.1/1.1 MB | 0.2/1.4 MB
Progress (4): 336/373 kB | 197/674 kB | 0.1/1.1 MB | 0.2/1.4 MB
Progress (4): 336/373 kB | 197/674 kB | 0.1/1.1 MB | 0.2/1.4 MB
Progress (4): 336/373 kB | 197/674 kB | 0.1/1.1 MB | 0.2/1.4 MB
Progress (4): 336/373 kB | 197/674 kB | 0.1/1.1 MB | 0.2/1.4 MB
Progress (4): 336/373 kB | 197/674 kB | 0.1/1.1 MB | 0.2/1.4 MB
Progress (4): 336/373 kB | 197/674 kB | 0.2/1.1 MB | 0.2/1.4 MB
Progress (4): 336/373 kB | 197/674 kB | 0.2/1.1 MB | 0.2/1.4 MB
Progress (4): 336/373 kB | 197/674 kB | 0.2/1.1 MB | 0.2/1.4 MB
Progress (4): 336/373 kB | 197/674 kB | 0.2/1.1 MB | 0.2/1.4 MB
Progress (4): 336/373 kB | 197/674 kB | 0.2/1.1 MB | 0.2/1.4 MB
Progress (4): 336/373 kB | 197/674 kB | 0.2/1.1 MB | 0.2/1.4 MB
Progress (4): 336/373 kB | 197/674 kB | 0.2/1.1 MB | 0.2/1.4 MB
Progress (4): 336/373 kB | 197/674 kB | 0.2/1.1 MB | 0.2/1.4 MB
Progress (4): 336/373 kB | 197/674 kB | 0.2/1.1 MB | 0.2/1.4 MB
Progress (4): 336/373 kB | 197/674 kB | 0.2/1.1 MB | 0.2/1.4 MB
Progress (4): 336/373 kB | 202/674 kB | 0.2/1.1 MB | 0.2/1.4 MB
Progress (4): 336/373 kB | 206/674 kB | 0.2/1.1 MB | 0.2/1.4 MB
Progress (4): 352/373 kB | 206/674 kB | 0.2/1.1 MB | 0.2/1.4 MB
Progress (4): 352/373 kB | 210/674 kB | 0.2/1.1 MB | 0.2/1.4 MB
Progress (4): 352/373 kB | 214/674 kB | 0.2/1.1 MB | 0.2/1.4 MB
Progress (4): 352/373 kB | 219/674 kB | 0.2/1.1 MB | 0.2/1.4 MB
Progress (4): 352/373 kB | 223/674 kB | 0.2/1.1 MB | 0.2/1.4 MB
Progress (4): 352/373 kB | 239/674 kB | 0.2/1.1 MB | 0.2/1.4 MB
Progress (4): 352/373 kB | 239/674 kB | 0.2/1.1 MB | 0.2/1.4 MB
Progress (4): 352/373 kB | 256/674 kB | 0.2/1.1 MB | 0.2/1.4 MB
Progress (4): 352/373 kB | 272/674 kB | 0.2/1.1 MB | 0.2/1.4 MB
Progress (4): 352/373 kB | 278/674 kB | 0.2/1.1 MB | 0.2/1.4 MB
Progress (4): 352/373 kB | 278/674 kB | 0.2/1.1 MB | 0.2/1.4 MB
Progress (4): 352/373 kB | 278/674 kB | 0.2/1.1 MB | 0.2/1.4 MB
Progress (4): 352/373 kB | 278/674 kB | 0.2/1.1 MB | 0.2/1.4 MB
Progress (4): 352/373 kB | 278/674 kB | 0.2/1.1 MB | 0.2/1.4 MB
Progress (4): 352/373 kB | 278/674 kB | 0.2/1.1 MB | 0.2/1.4 MB
Progress (4): 352/373 kB | 278/674 kB | 0.2/1.1 MB | 0.2/1.4 MB
Progress (4): 352/373 kB | 278/674 kB | 0.2/1.1 MB | 0.2/1.4 MB
Progress (4): 352/373 kB | 278/674 kB | 0.2/1.1 MB | 0.2/1.4 MB
Progress (4): 369/373 kB | 278/674 kB | 0.2/1.1 MB | 0.2/1.4 MB
Progress (4): 373 kB | 278/674 kB | 0.2/1.1 MB | 0.2/1.4 MB    
Progress (4): 373 kB | 278/674 kB | 0.2/1.1 MB | 0.2/1.4 MB
Progress (4): 373 kB | 278/674 kB | 0.2/1.1 MB | 0.2/1.4 MB
Progress (4): 373 kB | 278/674 kB | 0.2/1.1 MB | 0.2/1.4 MB
Progress (4): 373 kB | 278/674 kB | 0.2/1.1 MB | 0.2/1.4 MB
Progress (4): 373 kB | 278/674 kB | 0.2/1.1 MB | 0.2/1.4 MB
Progress (4): 373 kB | 278/674 kB | 0.2/1.1 MB | 0.2/1.4 MB
Progress (4): 373 kB | 278/674 kB | 0.2/1.1 MB | 0.2/1.4 MB
Progress (4): 373 kB | 278/674 kB | 0.2/1.1 MB | 0.2/1.4 MB
Progress (4): 373 kB | 278/674 kB | 0.2/1.1 MB | 0.2/1.4 MB
Progress (4): 373 kB | 278/674 kB | 0.2/1.1 MB | 0.2/1.4 MB
                                                           
Downloaded from central: https://repo.maven.apache.org/maven2/commons-codec/commons-codec/1.17.1/commons-codec-1.17.1.jar (373 kB at 819 kB/s)
Downloading from central: https://repo.maven.apache.org/maven2/org/apache/httpcomponents/core5/httpcore5/5.3.6/httpcore5-5.3.6.jar
Progress (3): 278/674 kB | 0.2/1.1 MB | 0.2/1.4 MB
Progress (3): 278/674 kB | 0.2/1.1 MB | 0.2/1.4 MB
Progress (3): 278/674 kB | 0.2/1.1 MB | 0.2/1.4 MB
Progress (3): 278/674 kB | 0.2/1.1 MB | 0.2/1.4 MB
Progress (3): 278/674 kB | 0.2/1.1 MB | 0.3/1.4 MB
Progress (3): 294/674 kB | 0.2/1.1 MB | 0.3/1.4 MB
Progress (3): 311/674 kB | 0.2/1.1 MB | 0.3/1.4 MB
Progress (3): 327/674 kB | 0.2/1.1 MB | 0.3/1.4 MB
Progress (4): 327/674 kB | 0.2/1.1 MB | 0.3/1.4 MB | 7.7/961 kB
Progress (4): 327/674 kB | 0.2/1.1 MB | 0.3/1.4 MB | 16/961 kB 
Progress (4): 343/674 kB | 0.2/1.1 MB | 0.3/1.4 MB | 16/961 kB
Progress (4): 343/674 kB | 0.2/1.1 MB | 0.3/1.4 MB | 32/961 kB
Progress (4): 360/674 kB | 0.2/1.1 MB | 0.3/1.4 MB | 32/961 kB
Progress (4): 360/674 kB | 0.2/1.1 MB | 0.3/1.4 MB | 32/961 kB
Progress (4): 376/674 kB | 0.2/1.1 MB | 0.3/1.4 MB | 32/961 kB
Progress (4): 376/674 kB | 0.2/1.1 MB | 0.3/1.4 MB | 49/961 kB
Progress (4): 376/674 kB | 0.2/1.1 MB | 0.3/1.4 MB | 57/961 kB
Progress (4): 392/674 kB | 0.2/1.1 MB | 0.3/1.4 MB | 57/961 kB
Progress (4): 392/674 kB | 0.2/1.1 MB | 0.3/1.4 MB | 73/961 kB
Progress (4): 409/674 kB | 0.2/1.1 MB | 0.3/1.4 MB | 73/961 kB
Progress (4): 409/674 kB | 0.2/1.1 MB | 0.3/1.4 MB | 73/961 kB
Progress (4): 409/674 kB | 0.2/1.1 MB | 0.3/1.4 MB | 90/961 kB
Progress (4): 409/674 kB | 0.2/1.1 MB | 0.3/1.4 MB | 90/961 kB
Progress (4): 409/674 kB | 0.2/1.1 MB | 0.3/1.4 MB | 106/961 kB
Progress (4): 409/674 kB | 0.2/1.1 MB | 0.3/1.4 MB | 106/961 kB
Progress (4): 409/674 kB | 0.2/1.1 MB | 0.3/1.4 MB | 122/961 kB
Progress (4): 409/674 kB | 0.3/1.1 MB | 0.3/1.4 MB | 122/961 kB
Progress (4): 409/674 kB | 0.3/1.1 MB | 0.3/1.4 MB | 122/961 kB
Progress (4): 409/674 kB | 0.3/1.1 MB | 0.3/1.4 MB | 122/961 kB
Progress (4): 409/674 kB | 0.3/1.1 MB | 0.3/1.4 MB | 139/961 kB
Progress (4): 409/674 kB | 0.3/1.1 MB | 0.3/1.4 MB | 139/961 kB
Progress (4): 409/674 kB | 0.3/1.1 MB | 0.3/1.4 MB | 139/961 kB
Progress (4): 409/674 kB | 0.3/1.1 MB | 0.3/1.4 MB | 139/961 kB
Progress (4): 409/674 kB | 0.3/1.1 MB | 0.3/1.4 MB | 155/961 kB
Progress (4): 409/674 kB | 0.3/1.1 MB | 0.3/1.4 MB | 155/961 kB
Progress (4): 409/674 kB | 0.3/1.1 MB | 0.3/1.4 MB | 172/961 kB
Progress (4): 409/674 kB | 0.3/1.1 MB | 0.4/1.4 MB | 172/961 kB
Progress (4): 409/674 kB | 0.3/1.1 MB | 0.4/1.4 MB | 188/961 kB
Progress (4): 409/674 kB | 0.3/1.1 MB | 0.4/1.4 MB | 204/961 kB
Progress (4): 409/674 kB | 0.3/1.1 MB | 0.4/1.4 MB | 204/961 kB
Progress (4): 409/674 kB | 0.4/1.1 MB | 0.4/1.4 MB | 204/961 kB
Progress (4): 409/674 kB | 0.4/1.1 MB | 0.4/1.4 MB | 204/961 kB
Progress (4): 409/674 kB | 0.4/1.1 MB | 0.4/1.4 MB | 221/961 kB
Progress (4): 409/674 kB | 0.4/1.1 MB | 0.4/1.4 MB | 237/961 kB
Progress (4): 425/674 kB | 0.4/1.1 MB | 0.4/1.4 MB | 237/961 kB
Progress (4): 442/674 kB | 0.4/1.1 MB | 0.4/1.4 MB | 237/961 kB
Progress (5): 442/674 kB | 0.4/1.1 MB | 0.4/1.4 MB | 237/961 kB | 7.7/909 kB
Progress (5): 442/674 kB | 0.4/1.1 MB | 0.4/1.4 MB | 237/961 kB | 12/909 kB 
Progress (5): 442/674 kB | 0.4/1.1 MB | 0.4/1.4 MB | 237/961 kB | 29/909 kB
Progress (5): 442/674 kB | 0.4/1.1 MB | 0.4/1.4 MB | 237/961 kB | 29/909 kB
Progress (5): 442/674 kB | 0.4/1.1 MB | 0.4/1.4 MB | 237/961 kB | 29/909 kB
Progress (5): 442/674 kB | 0.4/1.1 MB | 0.4/1.4 MB | 253/961 kB | 29/909 kB
Progress (5): 442/674 kB | 0.4/1.1 MB | 0.4/1.4 MB | 270/961 kB | 29/909 kB
Progress (5): 442/674 kB | 0.4/1.1 MB | 0.4/1.4 MB | 286/961 kB | 29/909 kB
Progress (5): 442/674 kB | 0.4/1.1 MB | 0.4/1.4 MB | 303/961 kB | 29/909 kB
Progress (5): 442/674 kB | 0.4/1.1 MB | 0.4/1.4 MB | 319/961 kB | 29/909 kB
Progress (5): 442/674 kB | 0.4/1.1 MB | 0.4/1.4 MB | 335/961 kB | 29/909 kB
Progress (5): 442/674 kB | 0.4/1.1 MB | 0.4/1.4 MB | 352/961 kB | 29/909 kB
Progress (5): 442/674 kB | 0.4/1.1 MB | 0.4/1.4 MB | 368/961 kB | 29/909 kB
Progress (5): 458/674 kB | 0.4/1.1 MB | 0.4/1.4 MB | 368/961 kB | 29/909 kB
Progress (5): 474/674 kB | 0.4/1.1 MB | 0.4/1.4 MB | 368/961 kB | 29/909 kB
Progress (5): 474/674 kB | 0.4/1.1 MB | 0.4/1.4 MB | 368/961 kB | 45/909 kB
Progress (5): 491/674 kB | 0.4/1.1 MB | 0.4/1.4 MB | 368/961 kB | 45/909 kB
Progress (5): 507/674 kB | 0.4/1.1 MB | 0.4/1.4 MB | 368/961 kB | 45/909 kB
Progress (5): 524/674 kB | 0.4/1.1 MB | 0.4/1.4 MB | 368/961 kB | 45/909 kB
Progress (5): 540/674 kB | 0.4/1.1 MB | 0.4/1.4 MB | 368/961 kB | 45/909 kB
Progress (5): 556/674 kB | 0.4/1.1 MB | 0.4/1.4 MB | 368/961 kB | 45/909 kB
Progress (5): 556/674 kB | 0.4/1.1 MB | 0.4/1.4 MB | 368/961 kB | 45/909 kB
Progress (5): 573/674 kB | 0.4/1.1 MB | 0.4/1.4 MB | 368/961 kB | 45/909 kB
Progress (5): 573/674 kB | 0.4/1.1 MB | 0.4/1.4 MB | 385/961 kB | 45/909 kB
Progress (5): 573/674 kB | 0.4/1.1 MB | 0.4/1.4 MB | 385/961 kB | 45/909 kB
Progress (5): 573/674 kB | 0.4/1.1 MB | 0.4/1.4 MB | 401/961 kB | 45/909 kB
Progress (5): 573/674 kB | 0.4/1.1 MB | 0.4/1.4 MB | 417/961 kB | 45/909 kB
Progress (5): 573/674 kB | 0.4/1.1 MB | 0.4/1.4 MB | 434/961 kB | 45/909 kB
Progress (5): 573/674 kB | 0.4/1.1 MB | 0.4/1.4 MB | 434/961 kB | 45/909 kB
Progress (5): 573/674 kB | 0.4/1.1 MB | 0.4/1.4 MB | 434/961 kB | 45/909 kB
Progress (5): 573/674 kB | 0.4/1.1 MB | 0.4/1.4 MB | 434/961 kB | 45/909 kB
Progress (5): 573/674 kB | 0.5/1.1 MB | 0.4/1.4 MB | 434/961 kB | 45/909 kB
Progress (5): 573/674 kB | 0.5/1.1 MB | 0.4/1.4 MB | 434/961 kB | 45/909 kB
Progress (5): 589/674 kB | 0.5/1.1 MB | 0.4/1.4 MB | 434/961 kB | 45/909 kB
Progress (5): 589/674 kB | 0.5/1.1 MB | 0.4/1.4 MB | 434/961 kB | 45/909 kB
Progress (5): 589/674 kB | 0.5/1.1 MB | 0.4/1.4 MB | 434/961 kB | 61/909 kB
Progress (5): 589/674 kB | 0.5/1.1 MB | 0.4/1.4 MB | 434/961 kB | 78/909 kB
Progress (5): 589/674 kB | 0.5/1.1 MB | 0.4/1.4 MB | 434/961 kB | 78/909 kB
Progress (5): 589/674 kB | 0.5/1.1 MB | 0.4/1.4 MB | 434/961 kB | 78/909 kB
Progress (5): 589/674 kB | 0.5/1.1 MB | 0.5/1.4 MB | 434/961 kB | 78/909 kB
Progress (5): 589/674 kB | 0.5/1.1 MB | 0.5/1.4 MB | 434/961 kB | 78/909 kB
Progress (5): 589/674 kB | 0.5/1.1 MB | 0.5/1.4 MB | 434/961 kB | 78/909 kB
Progress (5): 589/674 kB | 0.5/1.1 MB | 0.5/1.4 MB | 434/961 kB | 78/909 kB
Progress (5): 589/674 kB | 0.5/1.1 MB | 0.5/1.4 MB | 434/961 kB | 78/909 kB
Progress (5): 589/674 kB | 0.5/1.1 MB | 0.5/1.4 MB | 434/961 kB | 78/909 kB
Progress (5): 589/674 kB | 0.5/1.1 MB | 0.5/1.4 MB | 450/961 kB | 78/909 kB
Progress (5): 589/674 kB | 0.5/1.1 MB | 0.5/1.4 MB | 466/961 kB | 78/909 kB
Progress (5): 589/674 kB | 0.5/1.1 MB | 0.5/1.4 MB | 483/961 kB | 78/909 kB
Progress (5): 589/674 kB | 0.5/1.1 MB | 0.5/1.4 MB | 499/961 kB | 78/909 kB
Progress (5): 589/674 kB | 0.5/1.1 MB | 0.5/1.4 MB | 516/961 kB | 78/909 kB
Progress (5): 589/674 kB | 0.5/1.1 MB | 0.5/1.4 MB | 532/961 kB | 78/909 kB
Progress (5): 589/674 kB | 0.5/1.1 MB | 0.5/1.4 MB | 532/961 kB | 78/909 kB
Progress (5): 589/674 kB | 0.5/1.1 MB | 0.5/1.4 MB | 532/961 kB | 78/909 kB
Progress (5): 589/674 kB | 0.5/1.1 MB | 0.5/1.4 MB | 532/961 kB | 78/909 kB
Progress (5): 589/674 kB | 0.5/1.1 MB | 0.5/1.4 MB | 532/961 kB | 78/909 kB
Progress (5): 589/674 kB | 0.5/1.1 MB | 0.5/1.4 MB | 532/961 kB | 94/909 kB
Progress (5): 589/674 kB | 0.6/1.1 MB | 0.5/1.4 MB | 532/961 kB | 94/909 kB
Progress (5): 589/674 kB | 0.6/1.1 MB | 0.5/1.4 MB | 532/961 kB | 111/909 kB
Progress (5): 605/674 kB | 0.6/1.1 MB | 0.5/1.4 MB | 532/961 kB | 111/909 kB
Progress (5): 605/674 kB | 0.6/1.1 MB | 0.5/1.4 MB | 532/961 kB | 111/909 kB
Progress (5): 605/674 kB | 0.6/1.1 MB | 0.5/1.4 MB | 532/961 kB | 127/909 kB
Progress (5): 622/674 kB | 0.6/1.1 MB | 0.5/1.4 MB | 532/961 kB | 127/909 kB
Progress (5): 622/674 kB | 0.6/1.1 MB | 0.5/1.4 MB | 532/961 kB | 143/909 kB
Progress (5): 638/674 kB | 0.6/1.1 MB | 0.5/1.4 MB | 532/961 kB | 143/909 kB
Progress (5): 638/674 kB | 0.6/1.1 MB | 0.5/1.4 MB | 532/961 kB | 160/909 kB
Progress (5): 655/674 kB | 0.6/1.1 MB | 0.5/1.4 MB | 532/961 kB | 160/909 kB
Progress (5): 655/674 kB | 0.6/1.1 MB | 0.5/1.4 MB | 548/961 kB | 160/909 kB
Progress (5): 655/674 kB | 0.6/1.1 MB | 0.5/1.4 MB | 565/961 kB | 160/909 kB
Progress (5): 671/674 kB | 0.6/1.1 MB | 0.5/1.4 MB | 565/961 kB | 160/909 kB
Progress (5): 674 kB | 0.6/1.1 MB | 0.5/1.4 MB | 565/961 kB | 160/909 kB    
Progress (5): 674 kB | 0.6/1.1 MB | 0.5/1.4 MB | 581/961 kB | 160/909 kB
Progress (5): 674 kB | 0.6/1.1 MB | 0.5/1.4 MB | 598/961 kB | 160/909 kB
Progress (5): 674 kB | 0.6/1.1 MB | 0.5/1.4 MB | 598/961 kB | 160/909 kB
Progress (5): 674 kB | 0.6/1.1 MB | 0.5/1.4 MB | 598/961 kB | 160/909 kB
                                                                        
Downloaded from central: https://repo.maven.apache.org/maven2/org/apache/commons/commons-lang3/3.16.0/commons-lang3-3.16.0.jar (674 kB at 876 kB/s)
Downloading from central: https://repo.maven.apache.org/maven2/org/apache/httpcomponents/core5/httpcore5-h2/5.3.6/httpcore5-h2-5.3.6.jar
Progress (4): 0.6/1.1 MB | 0.5/1.4 MB | 614/961 kB | 160/909 kB
Progress (4): 0.6/1.1 MB | 0.5/1.4 MB | 630/961 kB | 160/909 kB
Progress (4): 0.6/1.1 MB | 0.5/1.4 MB | 647/961 kB | 160/909 kB
Progress (4): 0.6/1.1 MB | 0.5/1.4 MB | 663/961 kB | 160/909 kB
Progress (4): 0.6/1.1 MB | 0.5/1.4 MB | 663/961 kB | 160/909 kB
Progress (4): 0.6/1.1 MB | 0.5/1.4 MB | 679/961 kB | 160/909 kB
Progress (4): 0.6/1.1 MB | 0.5/1.4 MB | 696/961 kB | 160/909 kB
Progress (4): 0.6/1.1 MB | 0.5/1.4 MB | 712/961 kB | 160/909 kB
Progress (4): 0.6/1.1 MB | 0.5/1.4 MB | 729/961 kB | 160/909 kB
Progress (4): 0.6/1.1 MB | 0.5/1.4 MB | 745/961 kB | 160/909 kB
Progress (4): 0.6/1.1 MB | 0.5/1.4 MB | 761/961 kB | 160/909 kB
Progress (4): 0.6/1.1 MB | 0.5/1.4 MB | 778/961 kB | 160/909 kB
Progress (4): 0.6/1.1 MB | 0.5/1.4 MB | 794/961 kB | 160/909 kB
Progress (4): 0.6/1.1 MB | 0.5/1.4 MB | 811/961 kB | 160/909 kB
Progress (4): 0.6/1.1 MB | 0.5/1.4 MB | 827/961 kB | 160/909 kB
Progress (4): 0.6/1.1 MB | 0.5/1.4 MB | 843/961 kB | 160/909 kB
Progress (4): 0.6/1.1 MB | 0.5/1.4 MB | 860/961 kB | 160/909 kB
Progress (4): 0.6/1.1 MB | 0.5/1.4 MB | 876/961 kB | 160/909 kB
Progress (4): 0.6/1.1 MB | 0.5/1.4 MB | 892/961 kB | 160/909 kB
Progress (4): 0.6/1.1 MB | 0.5/1.4 MB | 909/961 kB | 160/909 kB
Progress (4): 0.6/1.1 MB | 0.5/1.4 MB | 925/961 kB | 160/909 kB
Progress (4): 0.6/1.1 MB | 0.5/1.4 MB | 925/961 kB | 176/909 kB
Progress (4): 0.6/1.1 MB | 0.5/1.4 MB | 925/961 kB | 193/909 kB
Progress (4): 0.6/1.1 MB | 0.5/1.4 MB | 925/961 kB | 193/909 kB
Progress (4): 0.6/1.1 MB | 0.5/1.4 MB | 925/961 kB | 193/909 kB
Progress (4): 0.7/1.1 MB | 0.5/1.4 MB | 925/961 kB | 193/909 kB
Progress (4): 0.7/1.1 MB | 0.5/1.4 MB | 925/961 kB | 209/909 kB
Progress (4): 0.7/1.1 MB | 0.5/1.4 MB | 925/961 kB | 225/909 kB
Progress (4): 0.7/1.1 MB | 0.5/1.4 MB | 942/961 kB | 225/909 kB
Progress (4): 0.7/1.1 MB | 0.5/1.4 MB | 958/961 kB | 225/909 kB
Progress (4): 0.7/1.1 MB | 0.5/1.4 MB | 961 kB | 225/909 kB    
Progress (4): 0.7/1.1 MB | 0.6/1.4 MB | 961 kB | 225/909 kB
Progress (4): 0.7/1.1 MB | 0.6/1.4 MB | 961 kB | 225/909 kB
Progress (4): 0.7/1.1 MB | 0.6/1.4 MB | 961 kB | 225/909 kB
Progress (4): 0.7/1.1 MB | 0.6/1.4 MB | 961 kB | 225/909 kB
                                                           
Downloaded from central: https://repo.maven.apache.org/maven2/org/apache/httpcomponents/client5/httpclient5/5.5.2/httpclient5-5.5.2.jar (961 kB at 1.2 MB/s)
Downloading from central: https://repo.maven.apache.org/maven2/org/tomlj/tomlj/1.0.0/tomlj-1.0.0.jar
Progress (3): 0.7/1.1 MB | 0.6/1.4 MB | 225/909 kB
Progress (3): 0.7/1.1 MB | 0.6/1.4 MB | 225/909 kB
Progress (3): 0.7/1.1 MB | 0.6/1.4 MB | 225/909 kB
Progress (3): 0.7/1.1 MB | 0.6/1.4 MB | 242/909 kB
Progress (3): 0.7/1.1 MB | 0.6/1.4 MB | 258/909 kB
Progress (3): 0.7/1.1 MB | 0.6/1.4 MB | 274/909 kB
Progress (3): 0.7/1.1 MB | 0.6/1.4 MB | 274/909 kB
Progress (3): 0.7/1.1 MB | 0.6/1.4 MB | 274/909 kB
Progress (3): 0.7/1.1 MB | 0.6/1.4 MB | 274/909 kB
Progress (3): 0.7/1.1 MB | 0.6/1.4 MB | 274/909 kB
Progress (3): 0.8/1.1 MB | 0.6/1.4 MB | 274/909 kB
Progress (3): 0.8/1.1 MB | 0.6/1.4 MB | 291/909 kB
Progress (4): 0.8/1.1 MB | 0.6/1.4 MB | 291/909 kB | 7.7/243 kB
Progress (4): 0.8/1.1 MB | 0.6/1.4 MB | 291/909 kB | 16/243 kB 
Progress (4): 0.8/1.1 MB | 0.7/1.4 MB | 291/909 kB | 16/243 kB
Progress (4): 0.8/1.1 MB | 0.7/1.4 MB | 291/909 kB | 16/243 kB
Progress (4): 0.8/1.1 MB | 0.7/1.4 MB | 291/909 kB | 32/243 kB
Progress (4): 0.8/1.1 MB | 0.7/1.4 MB | 307/909 kB | 32/243 kB
Progress (4): 0.8/1.1 MB | 0.7/1.4 MB | 307/909 kB | 32/243 kB
Progress (4): 0.8/1.1 MB | 0.7/1.4 MB | 307/909 kB | 32/243 kB
Progress (4): 0.8/1.1 MB | 0.7/1.4 MB | 307/909 kB | 48/243 kB
Progress (4): 0.8/1.1 MB | 0.7/1.4 MB | 324/909 kB | 48/243 kB
Progress (5): 0.8/1.1 MB | 0.7/1.4 MB | 324/909 kB | 48/243 kB | 7.7/157 kB
Progress (5): 0.8/1.1 MB | 0.7/1.4 MB | 324/909 kB | 48/243 kB | 12/157 kB 
Progress (5): 0.8/1.1 MB | 0.7/1.4 MB | 324/909 kB | 48/243 kB | 12/157 kB
Progress (5): 0.8/1.1 MB | 0.7/1.4 MB | 324/909 kB | 65/243 kB | 12/157 kB
Progress (5): 0.8/1.1 MB | 0.7/1.4 MB | 324/909 kB | 65/243 kB | 28/157 kB
Progress (5): 0.8/1.1 MB | 0.7/1.4 MB | 324/909 kB | 65/243 kB | 28/157 kB
Progress (5): 0.8/1.1 MB | 0.7/1.4 MB | 324/909 kB | 65/243 kB | 44/157 kB
Progress (5): 0.8/1.1 MB | 0.7/1.4 MB | 324/909 kB | 65/243 kB | 61/157 kB
Progress (5): 0.8/1.1 MB | 0.7/1.4 MB | 340/909 kB | 65/243 kB | 61/157 kB
Progress (5): 0.8/1.1 MB | 0.7/1.4 MB | 340/909 kB | 65/243 kB | 61/157 kB
Progress (5): 0.8/1.1 MB | 0.7/1.4 MB | 340/909 kB | 81/243 kB | 61/157 kB
Progress (5): 0.8/1.1 MB | 0.7/1.4 MB | 340/909 kB | 81/243 kB | 77/157 kB
Progress (5): 0.8/1.1 MB | 0.7/1.4 MB | 340/909 kB | 81/243 kB | 93/157 kB
Progress (5): 0.8/1.1 MB | 0.7/1.4 MB | 340/909 kB | 81/243 kB | 93/157 kB
Progress (5): 0.8/1.1 MB | 0.7/1.4 MB | 356/909 kB | 81/243 kB | 93/157 kB
Progress (5): 0.8/1.1 MB | 0.7/1.4 MB | 356/909 kB | 81/243 kB | 93/157 kB
Progress (5): 0.8/1.1 MB | 0.7/1.4 MB | 356/909 kB | 98/243 kB | 93/157 kB
Progress (5): 0.8/1.1 MB | 0.7/1.4 MB | 356/909 kB | 98/243 kB | 110/157 kB
Progress (5): 0.8/1.1 MB | 0.7/1.4 MB | 356/909 kB | 98/243 kB | 126/157 kB
Progress (5): 0.8/1.1 MB | 0.7/1.4 MB | 356/909 kB | 98/243 kB | 143/157 kB
Progress (5): 0.8/1.1 MB | 0.7/1.4 MB | 356/909 kB | 98/243 kB | 157 kB    
Progress (5): 0.8/1.1 MB | 0.7/1.4 MB | 356/909 kB | 114/243 kB | 157 kB
Progress (5): 0.8/1.1 MB | 0.7/1.4 MB | 356/909 kB | 114/243 kB | 157 kB
Progress (5): 0.8/1.1 MB | 0.7/1.4 MB | 373/909 kB | 114/243 kB | 157 kB
                                                                        
Downloaded from central: https://repo.maven.apache.org/maven2/org/tomlj/tomlj/1.0.0/tomlj-1.0.0.jar (157 kB at 179 kB/s)
Downloading from central: https://repo.maven.apache.org/maven2/org/antlr/antlr4-runtime/4.7.2/antlr4-runtime-4.7.2.jar
Progress (4): 0.8/1.1 MB | 0.7/1.4 MB | 373/909 kB | 114/243 kB
Progress (4): 0.8/1.1 MB | 0.7/1.4 MB | 373/909 kB | 130/243 kB
Progress (4): 0.8/1.1 MB | 0.7/1.4 MB | 389/909 kB | 130/243 kB
Progress (4): 0.8/1.1 MB | 0.7/1.4 MB | 389/909 kB | 147/243 kB
Progress (4): 0.8/1.1 MB | 0.7/1.4 MB | 389/909 kB | 147/243 kB
Progress (4): 0.8/1.1 MB | 0.8/1.4 MB | 389/909 kB | 147/243 kB
Progress (4): 0.8/1.1 MB | 0.8/1.4 MB | 389/909 kB | 163/243 kB
Progress (4): 0.8/1.1 MB | 0.8/1.4 MB | 406/909 kB | 163/243 kB
Progress (4): 0.8/1.1 MB | 0.8/1.4 MB | 422/909 kB | 163/243 kB
Progress (4): 0.8/1.1 MB | 0.8/1.4 MB | 422/909 kB | 179/243 kB
Progress (4): 0.9/1.1 MB | 0.8/1.4 MB | 422/909 kB | 179/243 kB
Progress (4): 0.9/1.1 MB | 0.8/1.4 MB | 422/909 kB | 179/243 kB
Progress (4): 0.9/1.1 MB | 0.8/1.4 MB | 422/909 kB | 196/243 kB
Progress (4): 0.9/1.1 MB | 0.8/1.4 MB | 438/909 kB | 196/243 kB
Progress (4): 0.9/1.1 MB | 0.8/1.4 MB | 438/909 kB | 196/243 kB
Progress (4): 0.9/1.1 MB | 0.8/1.4 MB | 438/909 kB | 196/243 kB
Progress (4): 0.9/1.1 MB | 0.8/1.4 MB | 438/909 kB | 212/243 kB
Progress (4): 0.9/1.1 MB | 0.8/1.4 MB | 438/909 kB | 212/243 kB
Progress (4): 0.9/1.1 MB | 0.8/1.4 MB | 438/909 kB | 212/243 kB
Progress (4): 0.9/1.1 MB | 0.8/1.4 MB | 455/909 kB | 212/243 kB
Progress (4): 0.9/1.1 MB | 0.8/1.4 MB | 455/909 kB | 229/243 kB
Progress (4): 0.9/1.1 MB | 0.8/1.4 MB | 455/909 kB | 229/243 kB
Progress (4): 0.9/1.1 MB | 0.8/1.4 MB | 455/909 kB | 229/243 kB
Progress (4): 0.9/1.1 MB | 0.8/1.4 MB | 471/909 kB | 229/243 kB
Progress (4): 0.9/1.1 MB | 0.8/1.4 MB | 471/909 kB | 229/243 kB
Progress (4): 0.9/1.1 MB | 0.8/1.4 MB | 471/909 kB | 243 kB    
Progress (4): 0.9/1.1 MB | 0.8/1.4 MB | 471/909 kB | 243 kB
Progress (4): 0.9/1.1 MB | 0.8/1.4 MB | 487/909 kB | 243 kB
Progress (4): 0.9/1.1 MB | 0.8/1.4 MB | 487/909 kB | 243 kB
                                                           
Downloaded from central: https://repo.maven.apache.org/maven2/org/apache/httpcomponents/core5/httpcore5-h2/5.3.6/httpcore5-h2-5.3.6.jar (243 kB at 257 kB/s)
Downloading from central: https://repo.maven.apache.org/maven2/com/google/code/findbugs/jsr305/3.0.2/jsr305-3.0.2.jar
Progress (3): 0.9/1.1 MB | 0.8/1.4 MB | 504/909 kB
Progress (3): 0.9/1.1 MB | 0.8/1.4 MB | 504/909 kB
Progress (4): 0.9/1.1 MB | 0.8/1.4 MB | 504/909 kB | 3.3/338 kB
Progress (4): 0.9/1.1 MB | 0.8/1.4 MB | 504/909 kB | 20/338 kB 
Progress (4): 0.9/1.1 MB | 0.8/1.4 MB | 504/909 kB | 20/338 kB
Progress (4): 0.9/1.1 MB | 0.8/1.4 MB | 504/909 kB | 36/338 kB
Progress (4): 0.9/1.1 MB | 0.8/1.4 MB | 504/909 kB | 52/338 kB
Progress (4): 0.9/1.1 MB | 0.8/1.4 MB | 520/909 kB | 52/338 kB
Progress (4): 0.9/1.1 MB | 0.8/1.4 MB | 520/909 kB | 69/338 kB
Progress (4): 0.9/1.1 MB | 0.8/1.4 MB | 520/909 kB | 85/338 kB
Progress (4): 0.9/1.1 MB | 0.9/1.4 MB | 520/909 kB | 85/338 kB
Progress (4): 1.0/1.1 MB | 0.9/1.4 MB | 520/909 kB | 85/338 kB
Progress (4): 1.0/1.1 MB | 0.9/1.4 MB | 520/909 kB | 102/338 kB
Progress (4): 1.0/1.1 MB | 0.9/1.4 MB | 520/909 kB | 118/338 kB
Progress (4): 1.0/1.1 MB | 0.9/1.4 MB | 520/909 kB | 126/338 kB
Progress (4): 1.0/1.1 MB | 0.9/1.4 MB | 537/909 kB | 126/338 kB
Progress (4): 1.0/1.1 MB | 0.9/1.4 MB | 537/909 kB | 143/338 kB
Progress (4): 1.0/1.1 MB | 0.9/1.4 MB | 537/909 kB | 143/338 kB
Progress (4): 1.0/1.1 MB | 0.9/1.4 MB | 537/909 kB | 143/338 kB
Progress (4): 1.0/1.1 MB | 0.9/1.4 MB | 537/909 kB | 159/338 kB
Progress (4): 1.0/1.1 MB | 0.9/1.4 MB | 537/909 kB | 175/338 kB
Progress (4): 1.0/1.1 MB | 0.9/1.4 MB | 537/909 kB | 192/338 kB
Progress (4): 1.0/1.1 MB | 0.9/1.4 MB | 553/909 kB | 192/338 kB
Progress (4): 1.0/1.1 MB | 0.9/1.4 MB | 553/909 kB | 208/338 kB
Progress (4): 1.0/1.1 MB | 0.9/1.4 MB | 553/909 kB | 208/338 kB
Progress (4): 1.0/1.1 MB | 0.9/1.4 MB | 553/909 kB | 208/338 kB
Progress (4): 1.0/1.1 MB | 0.9/1.4 MB | 553/909 kB | 225/338 kB
Progress (4): 1.0/1.1 MB | 0.9/1.4 MB | 553/909 kB | 241/338 kB
Progress (4): 1.0/1.1 MB | 0.9/1.4 MB | 553/909 kB | 257/338 kB
Progress (4): 1.0/1.1 MB | 0.9/1.4 MB | 553/909 kB | 257/338 kB
Progress (4): 1.0/1.1 MB | 0.9/1.4 MB | 553/909 kB | 257/338 kB
Progress (4): 1.0/1.1 MB | 0.9/1.4 MB | 569/909 kB | 257/338 kB
Progress (4): 1.0/1.1 MB | 0.9/1.4 MB | 569/909 kB | 274/338 kB
Progress (4): 1.0/1.1 MB | 0.9/1.4 MB | 569/909 kB | 274/338 kB
Progress (4): 1.0/1.1 MB | 0.9/1.4 MB | 569/909 kB | 274/338 kB
Progress (4): 1.0/1.1 MB | 0.9/1.4 MB | 569/909 kB | 274/338 kB
Progress (4): 1.0/1.1 MB | 0.9/1.4 MB | 586/909 kB | 274/338 kB
Progress (4): 1.0/1.1 MB | 0.9/1.4 MB | 602/909 kB | 274/338 kB
Progress (4): 1.0/1.1 MB | 0.9/1.4 MB | 602/909 kB | 274/338 kB
Progress (4): 1.0/1.1 MB | 0.9/1.4 MB | 602/909 kB | 290/338 kB
Progress (4): 1.0/1.1 MB | 0.9/1.4 MB | 602/909 kB | 290/338 kB
Progress (4): 1.0/1.1 MB | 0.9/1.4 MB | 602/909 kB | 306/338 kB
Progress (4): 1.0/1.1 MB | 0.9/1.4 MB | 618/909 kB | 306/338 kB
Progress (4): 1.0/1.1 MB | 0.9/1.4 MB | 618/909 kB | 323/338 kB
Progress (4): 1.1/1.1 MB | 0.9/1.4 MB | 618/909 kB | 323/338 kB
Progress (4): 1.1/1.1 MB | 0.9/1.4 MB | 618/909 kB | 338 kB    
Progress (4): 1.1/1.1 MB | 1.0/1.4 MB | 618/909 kB | 338 kB
                                                           
Downloaded from central: https://repo.maven.apache.org/maven2/org/antlr/antlr4-runtime/4.7.2/antlr4-runtime-4.7.2.jar (338 kB at 324 kB/s)
Downloading from central: https://repo.maven.apache.org/maven2/org/springframework/boot/spring-boot-loader-tools/4.0.2/spring-boot-loader-tools-4.0.2.jar
Progress (4): 1.1/1.1 MB | 1.0/1.4 MB | 618/909 kB | 7.7/20 kB
Progress (4): 1.1/1.1 MB | 1.0/1.4 MB | 618/909 kB | 8.2/20 kB
Progress (4): 1.1/1.1 MB | 1.0/1.4 MB | 618/909 kB | 20 kB    
Progress (4): 1.1/1.1 MB | 1.0/1.4 MB | 618/909 kB | 20 kB
Progress (4): 1.1 MB | 1.0/1.4 MB | 618/909 kB | 20 kB    
Progress (4): 1.1 MB | 1.0/1.4 MB | 635/909 kB | 20 kB
Progress (4): 1.1 MB | 1.0/1.4 MB | 635/909 kB | 20 kB
                                                      
Downloaded from central: https://repo.maven.apache.org/maven2/com/google/code/findbugs/jsr305/3.0.2/jsr305-3.0.2.jar (20 kB at 19 kB/s)
Downloading from central: https://repo.maven.apache.org/maven2/org/apache/maven/plugins/maven-shade-plugin/3.6.0/maven-shade-plugin-3.6.0.jar
Progress (3): 1.1 MB | 1.0/1.4 MB | 651/909 kB
Progress (3): 1.1 MB | 1.0/1.4 MB | 651/909 kB
                                              
Downloaded from central: https://repo.maven.apache.org/maven2/org/apache/commons/commons-compress/1.27.1/commons-compress-1.27.1.jar (1.1 MB at 1.0 MB/s)
Downloading from central: https://repo.maven.apache.org/maven2/org/ow2/asm/asm/9.7/asm-9.7.jar
Progress (2): 1.0/1.4 MB | 668/909 kB
Progress (2): 1.0/1.4 MB | 668/909 kB
Progress (2): 1.0/1.4 MB | 684/909 kB
Progress (2): 1.0/1.4 MB | 684/909 kB
Progress (2): 1.0/1.4 MB | 700/909 kB
Progress (2): 1.0/1.4 MB | 700/909 kB
Progress (2): 1.0/1.4 MB | 717/909 kB
Progress (2): 1.1/1.4 MB | 717/909 kB
Progress (2): 1.1/1.4 MB | 733/909 kB
Progress (2): 1.1/1.4 MB | 733/909 kB
Progress (2): 1.1/1.4 MB | 750/909 kB
Progress (2): 1.1/1.4 MB | 750/909 kB
Progress (3): 1.1/1.4 MB | 750/909 kB | 7.7/332 kB
Progress (3): 1.1/1.4 MB | 750/909 kB | 12/332 kB 
Progress (3): 1.1/1.4 MB | 766/909 kB | 12/332 kB
Progress (3): 1.1/1.4 MB | 766/909 kB | 28/332 kB
Progress (3): 1.1/1.4 MB | 766/909 kB | 28/332 kB
Progress (3): 1.1/1.4 MB | 766/909 kB | 44/332 kB
Progress (3): 1.1/1.4 MB | 782/909 kB | 44/332 kB
Progress (3): 1.1/1.4 MB | 782/909 kB | 61/332 kB
Progress (4): 1.1/1.4 MB | 782/909 kB | 61/332 kB | 7.7/150 kB
Progress (4): 1.1/1.4 MB | 782/909 kB | 61/332 kB | 7.7/150 kB
Progress (4): 1.1/1.4 MB | 782/909 kB | 61/332 kB | 7.7/150 kB
Progress (4): 1.1/1.4 MB | 799/909 kB | 61/332 kB | 7.7/150 kB
Progress (4): 1.1/1.4 MB | 799/909 kB | 77/332 kB | 7.7/150 kB
Progress (4): 1.1/1.4 MB | 799/909 kB | 93/332 kB | 7.7/150 kB
Progress (4): 1.1/1.4 MB | 799/909 kB | 93/332 kB | 24/150 kB 
Progress (4): 1.1/1.4 MB | 799/909 kB | 110/332 kB | 24/150 kB
Progress (4): 1.1/1.4 MB | 815/909 kB | 110/332 kB | 24/150 kB
Progress (5): 1.1/1.4 MB | 815/909 kB | 110/332 kB | 24/150 kB | 7.7/125 kB
Progress (5): 1.1/1.4 MB | 815/909 kB | 110/332 kB | 24/150 kB | 12/125 kB 
Progress (5): 1.1/1.4 MB | 815/909 kB | 126/332 kB | 24/150 kB | 12/125 kB
Progress (5): 1.1/1.4 MB | 815/909 kB | 126/332 kB | 24/150 kB | 12/125 kB
Progress (5): 1.1/1.4 MB | 831/909 kB | 126/332 kB | 24/150 kB | 12/125 kB
Progress (5): 1.1/1.4 MB | 831/909 kB | 143/332 kB | 24/150 kB | 12/125 kB
Progress (5): 1.1/1.4 MB | 831/909 kB | 143/332 kB | 24/150 kB | 28/125 kB
Progress (5): 1.1/1.4 MB | 831/909 kB | 143/332 kB | 40/150 kB | 28/125 kB
Progress (5): 1.1/1.4 MB | 831/909 kB | 159/332 kB | 40/150 kB | 28/125 kB
Progress (5): 1.2/1.4 MB | 831/909 kB | 159/332 kB | 40/150 kB | 28/125 kB
Progress (5): 1.2/1.4 MB | 831/909 kB | 175/332 kB | 40/150 kB | 28/125 kB
Progress (5): 1.2/1.4 MB | 831/909 kB | 175/332 kB | 40/150 kB | 44/125 kB
Progress (5): 1.2/1.4 MB | 848/909 kB | 175/332 kB | 40/150 kB | 44/125 kB
Progress (5): 1.2/1.4 MB | 848/909 kB | 175/332 kB | 57/150 kB | 44/125 kB
Progress (5): 1.2/1.4 MB | 848/909 kB | 192/332 kB | 57/150 kB | 44/125 kB
Progress (5): 1.2/1.4 MB | 848/909 kB | 192/332 kB | 57/150 kB | 44/125 kB
Progress (5): 1.2/1.4 MB | 848/909 kB | 192/332 kB | 57/150 kB | 61/125 kB
Progress (5): 1.2/1.4 MB | 848/909 kB | 208/332 kB | 57/150 kB | 61/125 kB
Progress (5): 1.2/1.4 MB | 864/909 kB | 208/332 kB | 57/150 kB | 61/125 kB
Progress (5): 1.2/1.4 MB | 864/909 kB | 208/332 kB | 57/150 kB | 77/125 kB
Progress (5): 1.2/1.4 MB | 864/909 kB | 225/332 kB | 57/150 kB | 77/125 kB
Progress (5): 1.2/1.4 MB | 864/909 kB | 225/332 kB | 57/150 kB | 77/125 kB
Progress (5): 1.2/1.4 MB | 864/909 kB | 225/332 kB | 73/150 kB | 77/125 kB
Progress (5): 1.2/1.4 MB | 864/909 kB | 241/332 kB | 73/150 kB | 77/125 kB
Progress (5): 1.2/1.4 MB | 864/909 kB | 241/332 kB | 73/150 kB | 93/125 kB
Progress (5): 1.2/1.4 MB | 881/909 kB | 241/332 kB | 73/150 kB | 93/125 kB
Progress (5): 1.2/1.4 MB | 881/909 kB | 241/332 kB | 73/150 kB | 93/125 kB
Progress (5): 1.2/1.4 MB | 881/909 kB | 257/332 kB | 73/150 kB | 93/125 kB
Progress (5): 1.2/1.4 MB | 881/909 kB | 257/332 kB | 73/150 kB | 110/125 kB
Progress (5): 1.2/1.4 MB | 881/909 kB | 274/332 kB | 73/150 kB | 110/125 kB
Progress (5): 1.2/1.4 MB | 881/909 kB | 274/332 kB | 90/150 kB | 110/125 kB
Progress (5): 1.2/1.4 MB | 897/909 kB | 274/332 kB | 90/150 kB | 110/125 kB
Progress (5): 1.2/1.4 MB | 897/909 kB | 274/332 kB | 90/150 kB | 110/125 kB
Progress (5): 1.2/1.4 MB | 897/909 kB | 290/332 kB | 90/150 kB | 110/125 kB
Progress (5): 1.2/1.4 MB | 897/909 kB | 306/332 kB | 90/150 kB | 110/125 kB
Progress (5): 1.2/1.4 MB | 909 kB | 306/332 kB | 90/150 kB | 110/125 kB    
Progress (5): 1.2/1.4 MB | 909 kB | 306/332 kB | 90/150 kB | 125 kB    
Progress (5): 1.2/1.4 MB | 909 kB | 323/332 kB | 90/150 kB | 125 kB
Progress (5): 1.2/1.4 MB | 909 kB | 323/332 kB | 106/150 kB | 125 kB
Progress (5): 1.2/1.4 MB | 909 kB | 323/332 kB | 106/150 kB | 125 kB
Progress (5): 1.2/1.4 MB | 909 kB | 332 kB | 106/150 kB | 125 kB    
                                                                
Downloaded from central: https://repo.maven.apache.org/maven2/org/ow2/asm/asm/9.7/asm-9.7.jar (125 kB at 104 kB/s)
Downloading from central: https://repo.maven.apache.org/maven2/org/ow2/asm/asm-commons/9.7/asm-commons-9.7.jar
Downloaded from central: https://repo.maven.apache.org/maven2/org/apache/httpcomponents/core5/httpcore5/5.3.6/httpcore5-5.3.6.jar (909 kB at 756 kB/s)
Downloading from central: https://repo.maven.apache.org/maven2/org/ow2/asm/asm-tree/9.7/asm-tree-9.7.jar
Progress (3): 1.3/1.4 MB | 332 kB | 106/150 kB
Progress (3): 1.3/1.4 MB | 332 kB | 122/150 kB
                                              
Downloaded from central: https://repo.maven.apache.org/maven2/org/springframework/boot/spring-boot-loader-tools/4.0.2/spring-boot-loader-tools-4.0.2.jar (332 kB at 275 kB/s)
Downloading from central: https://repo.maven.apache.org/maven2/org/jdom/jdom2/2.0.6.1/jdom2-2.0.6.1.jar
Progress (2): 1.3/1.4 MB | 122/150 kB
Progress (2): 1.3/1.4 MB | 122/150 kB
Progress (2): 1.3/1.4 MB | 139/150 kB
Progress (2): 1.3/1.4 MB | 150 kB    
                                 
Downloaded from central: https://repo.maven.apache.org/maven2/org/apache/maven/plugins/maven-shade-plugin/3.6.0/maven-shade-plugin-3.6.0.jar (150 kB at 123 kB/s)
Downloading from central: https://repo.maven.apache.org/maven2/org/vafer/jdependency/2.10/jdependency-2.10.jar
Progress (1): 1.3/1.4 MB
Progress (1): 1.3/1.4 MB
Progress (1): 1.3/1.4 MB
Progress (1): 1.4/1.4 MB
Progress (1): 1.4/1.4 MB
Progress (1): 1.4 MB    
                    
Downloaded from central: https://repo.maven.apache.org/maven2/net/java/dev/jna/jna-platform/5.17.0/jna-platform-5.17.0.jar (1.4 MB at 1.1 MB/s)
Progress (1): 7.7/73 kB
Progress (1): 12/73 kB 
Progress (1): 29/73 kB
Progress (1): 45/73 kB
Progress (1): 61/73 kB
Progress (2): 61/73 kB | 7.7/52 kB
Progress (3): 61/73 kB | 7.7/52 kB | 7.7/328 kB
Progress (3): 61/73 kB | 16/52 kB | 7.7/328 kB 
Progress (3): 61/73 kB | 16/52 kB | 16/328 kB 
Progress (3): 73 kB | 16/52 kB | 16/328 kB   
Progress (3): 73 kB | 16/52 kB | 32/328 kB
                                          
Downloaded from central: https://repo.maven.apache.org/maven2/org/ow2/asm/asm-commons/9.7/asm-commons-9.7.jar (73 kB at 58 kB/s)
Progress (2): 32/52 kB | 32/328 kB
Progress (3): 32/52 kB | 32/328 kB | 7.7/416 kB
Progress (3): 32/52 kB | 32/328 kB | 12/416 kB 
Progress (3): 32/52 kB | 48/328 kB | 12/416 kB
Progress (3): 48/52 kB | 48/328 kB | 12/416 kB
Progress (3): 52 kB | 48/328 kB | 12/416 kB   
                                           
Downloaded from central: https://repo.maven.apache.org/maven2/org/ow2/asm/asm-tree/9.7/asm-tree-9.7.jar (52 kB at 41 kB/s)
Progress (2): 65/328 kB | 12/416 kB
Progress (2): 65/328 kB | 28/416 kB
Progress (2): 65/328 kB | 33/416 kB
Progress (2): 81/328 kB | 33/416 kB
Progress (2): 81/328 kB | 49/416 kB
Progress (2): 98/328 kB | 49/416 kB
Progress (2): 114/328 kB | 49/416 kB
Progress (2): 114/328 kB | 66/416 kB
Progress (2): 130/328 kB | 66/416 kB
Progress (2): 130/328 kB | 74/416 kB
Progress (2): 130/328 kB | 82/416 kB
Progress (2): 147/328 kB | 82/416 kB
Progress (2): 147/328 kB | 98/416 kB
Progress (2): 163/328 kB | 98/416 kB
Progress (2): 163/328 kB | 115/416 kB
Progress (2): 179/328 kB | 115/416 kB
Progress (2): 196/328 kB | 115/416 kB
Progress (2): 196/328 kB | 131/416 kB
Progress (2): 212/328 kB | 131/416 kB
Progress (2): 229/328 kB | 131/416 kB
Progress (2): 229/328 kB | 147/416 kB
Progress (2): 245/328 kB | 147/416 kB
Progress (2): 245/328 kB | 164/416 kB
Progress (2): 245/328 kB | 172/416 kB
Progress (2): 261/328 kB | 172/416 kB
Progress (2): 278/328 kB | 172/416 kB
Progress (2): 278/328 kB | 188/416 kB
Progress (2): 278/328 kB | 197/416 kB
Progress (2): 294/328 kB | 197/416 kB
Progress (2): 311/328 kB | 197/416 kB
Progress (2): 311/328 kB | 213/416 kB
Progress (2): 327/328 kB | 213/416 kB
Progress (2): 328 kB | 213/416 kB    
Progress (2): 328 kB | 229/416 kB
                                 
Downloaded from central: https://repo.maven.apache.org/maven2/org/jdom/jdom2/2.0.6.1/jdom2-2.0.6.1.jar (328 kB at 238 kB/s)
Progress (1): 246/416 kB
Progress (1): 262/416 kB
Progress (1): 279/416 kB
Progress (1): 295/416 kB
Progress (1): 311/416 kB
Progress (1): 328/416 kB
Progress (1): 344/416 kB
Progress (1): 360/416 kB
Progress (1): 377/416 kB
Progress (1): 393/416 kB
Progress (1): 410/416 kB
Progress (1): 416 kB    
                    
Downloaded from central: https://repo.maven.apache.org/maven2/org/vafer/jdependency/2.10/jdependency-2.10.jar (416 kB at 288 kB/s)
[INFO] Attaching agents: []

  .   ____          _            __ _ _
 /\\ / ___'_ __ _ _(_)_ __  __ _ \ \ \ \
( ( )\___ | '_ | '_| | '_ \/ _` | \ \ \ \
 \\/  ___)| |_)| | | | | || (_| |  ) ) ) )
  '  |____| .__|_| |_|_| |_\__, | / / / /
 =========|_|==============|___/=/_/_/_/

 :: Spring Boot ::                (v4.0.2)

2026-03-16T21:39:40.304+01:00  INFO 18660 --- [teamsync] [  restartedMain] c.yildiz.teamsync.TeamsyncApplication    : Starting TeamsyncApplication using Java 25 with PID 18660 (C:\Users\Student\Desktop\KanKan_Anti\target\classes started by Student in C:\Users\Student\Desktop\KanKan_Anti)
2026-03-16T21:39:40.308+01:00  INFO 18660 --- [teamsync] [  restartedMain] c.yildiz.teamsync.TeamsyncApplication    : No active profile set, falling back to 1 default profile: "default"
2026-03-16T21:39:40.355+01:00  INFO 18660 --- [teamsync] [  restartedMain] .e.DevToolsPropertyDefaultsPostProcessor : Devtools property defaults active! Set 'spring.devtools.add-properties' to 'false' to disable
2026-03-16T21:39:40.355+01:00  INFO 18660 --- [teamsync] [  restartedMain] .e.DevToolsPropertyDefaultsPostProcessor : For additional web related logging consider setting the 'logging.level.web' property to 'DEBUG'
2026-03-16T21:39:41.083+01:00  INFO 18660 --- [teamsync] [  restartedMain] .s.d.r.c.RepositoryConfigurationDelegate : Bootstrapping Spring Data JPA repositories in DEFAULT mode.
2026-03-16T21:39:41.158+01:00  INFO 18660 --- [teamsync] [  restartedMain] .s.d.r.c.RepositoryConfigurationDelegate : Finished Spring Data repository scanning in 66 ms. Found 7 JPA repository interfaces.
2026-03-16T21:39:41.898+01:00  INFO 18660 --- [teamsync] [  restartedMain] o.s.boot.tomcat.TomcatWebServer          : Tomcat initialized with port 8080 (http)
2026-03-16T21:39:41.914+01:00  INFO 18660 --- [teamsync] [  restartedMain] o.apache.catalina.core.StandardService   : Starting service [Tomcat]
2026-03-16T21:39:41.914+01:00  INFO 18660 --- [teamsync] [  restartedMain] o.apache.catalina.core.StandardEngine    : Starting Servlet engine: [Apache Tomcat/11.0.15]
2026-03-16T21:39:41.951+01:00  INFO 18660 --- [teamsync] [  restartedMain] b.w.c.s.WebApplicationContextInitializer : Root WebApplicationContext: initialization completed in 1593 ms
2026-03-16T21:39:42.074+01:00  INFO 18660 --- [teamsync] [  restartedMain] org.hibernate.orm.jpa                    : HHH008540: Processing PersistenceUnitInfo [name: default]
2026-03-16T21:39:42.165+01:00  INFO 18660 --- [teamsync] [  restartedMain] org.hibernate.orm.core                   : HHH000001: Hibernate ORM core version 7.2.1.Final
2026-03-16T21:39:42.670+01:00  INFO 18660 --- [teamsync] [  restartedMain] o.s.o.j.p.SpringPersistenceUnitInfo      : No LoadTimeWeaver setup: ignoring JPA class transformer
2026-03-16T21:39:42.704+01:00  INFO 18660 --- [teamsync] [  restartedMain] com.zaxxer.hikari.HikariDataSource       : HikariPool-1 - Starting...
2026-03-16T21:39:42.887+01:00  INFO 18660 --- [teamsync] [  restartedMain] com.zaxxer.hikari.pool.HikariPool        : HikariPool-1 - Added connection org.postgresql.jdbc.PgConnection@707639bc
2026-03-16T21:39:42.889+01:00  INFO 18660 --- [teamsync] [  restartedMain] com.zaxxer.hikari.HikariDataSource       : HikariPool-1 - Start completed.
2026-03-16T21:39:42.932+01:00  WARN 18660 --- [teamsync] [  restartedMain] org.hibernate.orm.deprecation            : HHH90000025: PostgreSQLDialect does not need to be specified explicitly using 'hibernate.dialect' (remove the property setting and it will be selected by default)
2026-03-16T21:39:42.960+01:00  INFO 18660 --- [teamsync] [  restartedMain] org.hibernate.orm.connections.pooling    : HHH10001005: Database info:
	Database JDBC URL [jdbc:postgresql://localhost:5432/teamsync_db]
	Database driver: PostgreSQL JDBC Driver
	Database dialect: PostgreSQLDialect
	Database version: 18.1
	Default catalog/schema: teamsync_db/public
	Autocommit mode: undefined/unknown
	Isolation level: READ_COMMITTED [default READ_COMMITTED]
	JDBC fetch size: none
	Pool: DataSourceConnectionProvider
	Minimum pool size: undefined/unknown
	Maximum pool size: undefined/unknown
2026-03-16T21:39:44.169+01:00  INFO 18660 --- [teamsync] [  restartedMain] org.hibernate.orm.core                   : HHH000489: No JTA platform available (set 'hibernate.transaction.jta.platform' to enable JTA platform integration)
2026-03-16T21:39:44.264+01:00  INFO 18660 --- [teamsync] [  restartedMain] j.LocalContainerEntityManagerFactoryBean : Initialized JPA EntityManagerFactory for persistence unit 'default'
2026-03-16T21:39:44.343+01:00  INFO 18660 --- [teamsync] [  restartedMain] o.s.d.j.r.query.QueryEnhancerFactories   : Hibernate is in classpath; If applicable, HQL parser will be used.
2026-03-16T21:39:44.823+01:00  INFO 18660 --- [teamsync] [  restartedMain] eAuthenticationProviderManagerConfigurer : Global AuthenticationManager configured with AuthenticationProvider bean with name authenticationProvider
2026-03-16T21:39:44.824+01:00  WARN 18660 --- [teamsync] [  restartedMain] r$InitializeUserDetailsManagerConfigurer : Global AuthenticationManager configured with an AuthenticationProvider bean. UserDetailsService beans will not be used by Spring Security for automatically configuring username/password login. Consider removing the AuthenticationProvider bean. Alternatively, consider using the UserDetailsService in a manually instantiated DaoAuthenticationProvider. If the current configuration is intentional, to turn off this warning, increase the logging level of 'org.springframework.security.config.annotation.authentication.configuration.InitializeUserDetailsBeanManagerConfigurer' to ERROR
2026-03-16T21:39:44.839+01:00  WARN 18660 --- [teamsync] [  restartedMain] JpaBaseConfiguration$JpaWebConfiguration : spring.jpa.open-in-view is enabled by default. Therefore, database queries may be performed during view rendering. Explicitly configure spring.jpa.open-in-view to disable this warning
2026-03-16T21:39:45.344+01:00  INFO 18660 --- [teamsync] [  restartedMain] o.s.boot.tomcat.TomcatWebServer          : Tomcat started on port 8080 (http) with context path '/'
2026-03-16T21:39:45.350+01:00  INFO 18660 --- [teamsync] [  restartedMain] c.yildiz.teamsync.TeamsyncApplication    : Started TeamsyncApplication in 5.376 seconds (process running for 5.779)
